
Oct 16, 2018 02:48:28.58 NEW SESSION
Oct 16, 2018 02:48:28.58 [4608:6872:1016/024828.575:ERROR:in_progress_cache_impl.cc(192)] Cache is not initialized, cannot RetrieveEntry.
Oct 16, 2018 02:48:28.58 [4608:6872:1016/024828.576:ERROR:in_progress_cache_impl.cc(192)] Cache is not initialized, cannot RetrieveEntry.
Oct 16, 2018 02:48:28.59 [4608:6872:1016/024828.576:ERROR:in_progress_cache_impl.cc(192)] Cache is not initialized, cannot RetrieveEntry.
Oct 16, 2018 02:48:28.59 [4608:6872:1016/024828.576:ERROR:in_progress_cache_impl.cc(192)] Cache is not initialized, cannot RetrieveEntry.
Oct 16, 2018 02:48:28.59 [4608:6872:1016/024828.576:ERROR:in_progress_cache_impl.cc(192)] Cache is not initialized, cannot RetrieveEntry.
Oct 16, 2018 02:48:28.59 [4608:6872:1016/024828.576:ERROR:in_progress_cache_impl.cc(192)] Cache is not initialized, cannot RetrieveEntry.
Oct 16, 2018 02:48:28.59 [4608:6872:1016/024828.576:ERROR:in_progress_cache_impl.cc(192)] Cache is not initialized, cannot RetrieveEntry.
Oct 16, 2018 02:48:28.59 [4608:6872:1016/024828.576:ERROR:in_progress_cache_impl.cc(192)] Cache is not initialized, cannot RetrieveEntry.
Oct 16, 2018 02:48:28.59 [4608:6872:1016/024828.576:ERROR:in_progress_cache_impl.cc(192)] Cache is not initialized, cannot RetrieveEntry.
Oct 16, 2018 02:48:28.59 [4608:6872:1016/024828.576:ERROR:in_progress_cache_impl.cc(192)] Cache is not initialized, cannot RetrieveEntry.
Oct 16, 2018 02:48:28.59 [4608:6872:1016/024828.576:ERROR:in_progress_cache_impl.cc(192)] Cache is not initialized, cannot RetrieveEntry.
Oct 16, 2018 02:48:28.59 [4608:6872:1016/024828.577:ERROR:in_progress_cache_impl.cc(192)] Cache is not initialized, cannot RetrieveEntry.
Oct 16, 2018 02:48:28.59 [4608:6872:1016/024828.577:ERROR:in_progress_cache_impl.cc(192)] Cache is not initialized, cannot RetrieveEntry.
Oct 16, 2018 02:48:28.59 [4608:6872:1016/024828.577:ERROR:in_progress_cache_impl.cc(192)] Cache is not initialized, cannot RetrieveEntry.
Oct 16, 2018 02:48:28.59 [4608:6872:1016/024828.577:ERROR:in_progress_cache_impl.cc(192)] Cache is not initialized, cannot RetrieveEntry.
Oct 16, 2018 02:48:28.59 [4608:6872:1016/024828.577:ERROR:in_progress_cache_impl.cc(192)] Cache is not initialized, cannot RetrieveEntry.
Oct 16, 2018 02:48:28.59 [4608:6872:1016/024828.577:ERROR:in_progress_cache_impl.cc(192)] Cache is not initialized, cannot RetrieveEntry.
Oct 16, 2018 02:48:28.59 [4608:6872:1016/024828.577:ERROR:in_progress_cache_impl.cc(192)] Cache is not initialized, cannot RetrieveEntry.
Oct 16, 2018 02:48:28.59 [4608:6872:1016/024828.577:ERROR:in_progress_cache_impl.cc(192)] Cache is not initialized, cannot RetrieveEntry.
Oct 16, 2018 02:48:28.59 [4608:6872:1016/024828.577:ERROR:in_progress_cache_impl.cc(192)] Cache is not initialized, cannot RetrieveEntry.
Oct 16, 2018 02:48:28.59 [4608:6872:1016/024828.577:ERROR:in_progress_cache_impl.cc(192)] Cache is not initialized, cannot RetrieveEntry.
Oct 16, 2018 02:48:28.59 [4608:6872:1016/024828.577:ERROR:in_progress_cache_impl.cc(192)] Cache is not initialized, cannot RetrieveEntry.
Oct 16, 2018 02:48:28.59 [4608:6872:1016/024828.577:ERROR:in_progress_cache_impl.cc(192)] Cache is not initialized, cannot RetrieveEntry.
Oct 16, 2018 02:48:28.60 [4608:6872:1016/024828.577:ERROR:in_progress_cache_impl.cc(192)] Cache is not initialized, cannot RetrieveEntry.
Oct 16, 2018 02:48:28.60 [4608:6872:1016/024828.577:ERROR:in_progress_cache_impl.cc(192)] Cache is not initialized, cannot RetrieveEntry.
Oct 16, 2018 02:48:28.60 [4608:6872:1016/024828.577:ERROR:in_progress_cache_impl.cc(192)] Cache is not initialized, cannot RetrieveEntry.
Oct 16, 2018 02:48:28.60 [4608:6872:1016/024828.577:ERROR:in_progress_cache_impl.cc(192)] Cache is not initialized, cannot RetrieveEntry.
Oct 16, 2018 02:48:28.60 [4608:6872:1016/024828.577:ERROR:in_progress_cache_impl.cc(192)] Cache is not initialized, cannot RetrieveEntry.
Oct 16, 2018 02:48:28.60 [4608:6872:1016/024828.577:ERROR:in_progress_cache_impl.cc(192)] Cache is not initialized, cannot RetrieveEntry.
Oct 16, 2018 02:48:28.60 [4608:6872:1016/024828.577:ERROR:in_progress_cache_impl.cc(192)] Cache is not initialized, cannot RetrieveEntry.
Oct 16, 2018 02:48:28.60 [4608:6872:1016/024828.578:ERROR:in_progress_cache_impl.cc(192)] Cache is not initialized, cannot RetrieveEntry.
Oct 16, 2018 02:48:28.60 [4608:6872:1016/024828.578:ERROR:in_progress_cache_impl.cc(192)] Cache is not initialized, cannot RetrieveEntry.
Oct 16, 2018 02:48:28.60 [4608:6872:1016/024828.578:ERROR:in_progress_cache_impl.cc(192)] Cache is not initialized, cannot RetrieveEntry.
Oct 16, 2018 02:48:28.60 [4608:6872:1016/024828.578:ERROR:in_progress_cache_impl.cc(192)] Cache is not initialized, cannot RetrieveEntry.
Oct 16, 2018 02:48:28.60 [4608:6872:1016/024828.578:ERROR:in_progress_cache_impl.cc(192)] Cache is not initialized, cannot RetrieveEntry.
Oct 16, 2018 02:48:28.60 [4608:6872:1016/024828.578:ERROR:in_progress_cache_impl.cc(192)] Cache is not initialized, cannot RetrieveEntry.
Oct 16, 2018 02:48:28.60 [4608:6872:1016/024828.578:ERROR:in_progress_cache_impl.cc(192)] Cache is not initialized, cannot RetrieveEntry.
Oct 16, 2018 02:48:28.60 [4608:6872:1016/024828.578:ERROR:in_progress_cache_impl.cc(192)] Cache is not initialized, cannot RetrieveEntry.
Oct 16, 2018 02:48:28.60 [4608:6872:1016/024828.583:ERROR:in_progress_cache_impl.cc(192)] Cache is not initialized, cannot RetrieveEntry.
Oct 16, 2018 02:48:28.60 [4608:6872:1016/024828.583:ERROR:in_progress_cache_impl.cc(192)] Cache is not initialized, cannot RetrieveEntry.
Oct 16, 2018 02:48:28.60 [4608:6872:1016/024828.583:ERROR:in_progress_cache_impl.cc(192)] Cache is not initialized, cannot RetrieveEntry.
Oct 16, 2018 02:48:28.60 [4608:6872:1016/024828.583:ERROR:in_progress_cache_impl.cc(192)] Cache is not initialized, cannot RetrieveEntry.
Oct 16, 2018 02:48:28.61 [4608:6872:1016/024828.583:ERROR:in_progress_cache_impl.cc(192)] Cache is not initialized, cannot RetrieveEntry.
Oct 16, 2018 02:48:28.61 [4608:6872:1016/024828.583:ERROR:in_progress_cache_impl.cc(192)] Cache is not initialized, cannot RetrieveEntry.
Oct 16, 2018 02:48:28.61 [4608:6872:1016/024828.583:ERROR:in_progress_cache_impl.cc(192)] Cache is not initialized, cannot RetrieveEntry.
Oct 16, 2018 02:48:28.61 [4608:6872:1016/024828.583:ERROR:in_progress_cache_impl.cc(192)] Cache is not initialized, cannot RetrieveEntry.
Oct 16, 2018 02:48:28.61 [4608:6872:1016/024828.583:ERROR:in_progress_cache_impl.cc(192)] Cache is not initialized, cannot RetrieveEntry.
Oct 16, 2018 02:48:28.61 [4608:6872:1016/024828.583:ERROR:in_progress_cache_impl.cc(192)] Cache is not initialized, cannot RetrieveEntry.
Oct 16, 2018 02:48:28.61 [4608:6872:1016/024828.583:ERROR:in_progress_cache_impl.cc(192)] Cache is not initialized, cannot RetrieveEntry.
Oct 16, 2018 02:48:28.61 [4608:6872:1016/024828.583:ERROR:in_progress_cache_impl.cc(192)] Cache is not initialized, cannot RetrieveEntry.
Oct 16, 2018 02:48:28.61 [4608:6872:1016/024828.583:ERROR:in_progress_cache_impl.cc(192)] Cache is not initialized, cannot RetrieveEntry.
Oct 16, 2018 02:48:28.61 [4608:6872:1016/024828.583:ERROR:in_progress_cache_impl.cc(192)] Cache is not initialized, cannot RetrieveEntry.
Oct 16, 2018 02:48:28.61 [4608:6872:1016/024828.583:ERROR:in_progress_cache_impl.cc(192)] Cache is not initialized, cannot RetrieveEntry.
Oct 16, 2018 02:48:28.61 [4608:6872:1016/024828.583:ERROR:in_progress_cache_impl.cc(192)] Cache is not initialized, cannot RetrieveEntry.
Oct 16, 2018 02:48:28.61 [4608:6872:1016/024828.583:ERROR:in_progress_cache_impl.cc(192)] Cache is not initialized, cannot RetrieveEntry.
Oct 16, 2018 02:48:28.61 [4608:6872:1016/024828.583:ERROR:in_progress_cache_impl.cc(192)] Cache is not initialized, cannot RetrieveEntry.
Oct 16, 2018 02:48:28.61 [4608:6872:1016/024828.583:ERROR:in_progress_cache_impl.cc(192)] Cache is not initialized, cannot RetrieveEntry.
Oct 16, 2018 02:48:28.61 [4608:6872:1016/024828.583:ERROR:in_progress_cache_impl.cc(192)] Cache is not initialized, cannot RetrieveEntry.
Oct 16, 2018 02:48:28.61 [4608:6872:1016/024828.583:ERROR:in_progress_cache_impl.cc(192)] Cache is not initialized, cannot RetrieveEntry.
Oct 16, 2018 02:48:28.61 [4608:6872:1016/024828.583:ERROR:in_progress_cache_impl.cc(192)] Cache is not initialized, cannot RetrieveEntry.
Oct 16, 2018 02:48:28.61 [4608:6872:1016/024828.583:ERROR:in_progress_cache_impl.cc(192)] Cache is not initialized, cannot RetrieveEntry.
Oct 16, 2018 02:48:28.61 [4608:6872:1016/024828.583:ERROR:in_progress_cache_impl.cc(192)] Cache is not initialized, cannot RetrieveEntry.
Oct 16, 2018 02:48:28.62 [4608:6872:1016/024828.583:ERROR:in_progress_cache_impl.cc(192)] Cache is not initialized, cannot RetrieveEntry.
Oct 16, 2018 02:48:28.62 [4608:6872:1016/024828.583:ERROR:in_progress_cache_impl.cc(192)] Cache is not initialized, cannot RetrieveEntry.
Oct 16, 2018 02:48:28.62 [4608:6872:1016/024828.583:ERROR:in_progress_cache_impl.cc(192)] Cache is not initialized, cannot RetrieveEntry.
Oct 16, 2018 02:48:28.62 [4608:6872:1016/024828.584:ERROR:in_progress_cache_impl.cc(192)] Cache is not initialized, cannot RetrieveEntry.
Oct 16, 2018 02:48:28.62 [4608:6872:1016/024828.584:ERROR:in_progress_cache_impl.cc(192)] Cache is not initialized, cannot RetrieveEntry.
Oct 16, 2018 02:48:28.62 [4608:6872:1016/024828.584:ERROR:in_progress_cache_impl.cc(192)] Cache is not initialized, cannot RetrieveEntry.
Oct 16, 2018 02:48:28.63 [4608:6872:1016/024828.584:ERROR:in_progress_cache_impl.cc(192)] Cache is not initialized, cannot RetrieveEntry.
Oct 16, 2018 02:48:28.63 [4608:6872:1016/024828.584:ERROR:in_progress_cache_impl.cc(192)] Cache is not initialized, cannot RetrieveEntry.
Oct 16, 2018 02:48:28.63 [4608:6872:1016/024828.584:ERROR:in_progress_cache_impl.cc(192)] Cache is not initialized, cannot RetrieveEntry.
Oct 16, 2018 02:48:28.63 [4608:6872:1016/024828.584:ERROR:in_progress_cache_impl.cc(192)] Cache is not initialized, cannot RetrieveEntry.
Oct 16, 2018 02:48:28.63 [4608:6872:1016/024828.584:ERROR:in_progress_cache_impl.cc(192)] Cache is not initialized, cannot RetrieveEntry.
Oct 16, 2018 02:48:28.65 [4608:6872:1016/024828.584:ERROR:in_progress_cache_impl.cc(192)] Cache is not initialized, cannot RetrieveEntry.
Oct 16, 2018 02:48:28.65 [4608:6872:1016/024828.584:ERROR:in_progress_cache_impl.cc(192)] Cache is not initialized, cannot RetrieveEntry.
Oct 16, 2018 02:48:28.66 [4608:6872:1016/024828.584:ERROR:in_progress_cache_impl.cc(192)] Cache is not initialized, cannot RetrieveEntry.
Oct 16, 2018 02:48:28.66 [4608:6872:1016/024828.584:ERROR:in_progress_cache_impl.cc(192)] Cache is not initialized, cannot RetrieveEntry.
Oct 16, 2018 02:48:28.66 [4608:6872:1016/024828.584:ERROR:in_progress_cache_impl.cc(192)] Cache is not initialized, cannot RetrieveEntry.
Oct 16, 2018 02:48:28.66 [4608:6872:1016/024828.584:ERROR:in_progress_cache_impl.cc(192)] Cache is not initialized, cannot RetrieveEntry.
Oct 16, 2018 02:48:28.66 [4608:6872:1016/024828.584:ERROR:in_progress_cache_impl.cc(192)] Cache is not initialized, cannot RetrieveEntry.
Oct 16, 2018 02:48:28.66 [4608:6872:1016/024828.584:ERROR:in_progress_cache_impl.cc(192)] Cache is not initialized, cannot RetrieveEntry.
Oct 16, 2018 02:48:28.68 [4608:6872:1016/024828.584:ERROR:in_progress_cache_impl.cc(192)] Cache is not initialized, cannot RetrieveEntry.
Oct 16, 2018 02:48:28.68 [4608:6872:1016/024828.585:ERROR:in_progress_cache_impl.cc(192)] Cache is not initialized, cannot RetrieveEntry.
Oct 16, 2018 02:48:28.68 [4608:6872:1016/024828.585:ERROR:in_progress_cache_impl.cc(192)] Cache is not initialized, cannot RetrieveEntry.
Oct 16, 2018 02:48:28.68 [4608:6872:1016/024828.585:ERROR:in_progress_cache_impl.cc(192)] Cache is not initialized, cannot RetrieveEntry.
Oct 16, 2018 02:48:28.68 [4608:6872:1016/024828.585:ERROR:in_progress_cache_impl.cc(192)] Cache is not initialized, cannot RetrieveEntry.
Oct 16, 2018 02:48:28.68 [4608:6872:1016/024828.585:ERROR:in_progress_cache_impl.cc(192)] Cache is not initialized, cannot RetrieveEntry.
Oct 16, 2018 02:48:28.69 [4608:6872:1016/024828.585:ERROR:in_progress_cache_impl.cc(192)] Cache is not initialized, cannot RetrieveEntry.
Oct 16, 2018 02:48:28.69 [4608:6872:1016/024828.585:ERROR:in_progress_cache_impl.cc(192)] Cache is not initialized, cannot RetrieveEntry.
Oct 16, 2018 02:48:28.69 [4608:6872:1016/024828.585:ERROR:in_progress_cache_impl.cc(192)] Cache is not initialized, cannot RetrieveEntry.
Oct 16, 2018 02:48:28.69 [4608:6872:1016/024828.585:ERROR:in_progress_cache_impl.cc(192)] Cache is not initialized, cannot RetrieveEntry.
Oct 16, 2018 02:48:28.70 [4608:6872:1016/024828.585:ERROR:in_progress_cache_impl.cc(192)] Cache is not initialized, cannot RetrieveEntry.
Oct 16, 2018 02:48:28.70 [4608:6872:1016/024828.585:ERROR:in_progress_cache_impl.cc(192)] Cache is not initialized, cannot RetrieveEntry.
Oct 16, 2018 02:48:28.70 [4608:6872:1016/024828.585:ERROR:in_progress_cache_impl.cc(192)] Cache is not initialized, cannot RetrieveEntry.
Oct 16, 2018 02:48:28.71 [4608:6872:1016/024828.585:ERROR:in_progress_cache_impl.cc(192)] Cache is not initialized, cannot RetrieveEntry.
Oct 16, 2018 02:48:28.71 [4608:6872:1016/024828.585:ERROR:in_progress_cache_impl.cc(192)] Cache is not initialized, cannot RetrieveEntry.
Oct 16, 2018 02:48:28.72 [4608:6872:1016/024828.585:ERROR:in_progress_cache_impl.cc(192)] Cache is not initialized, cannot RetrieveEntry.
Oct 16, 2018 02:48:28.72 [4608:6872:1016/024828.585:ERROR:in_progress_cache_impl.cc(192)] Cache is not initialized, cannot RetrieveEntry.
Oct 16, 2018 02:48:28.72 [4608:6872:1016/024828.585:ERROR:in_progress_cache_impl.cc(192)] Cache is not initialized, cannot RetrieveEntry.
Oct 16, 2018 02:48:28.72 [4608:6872:1016/024828.585:ERROR:in_progress_cache_impl.cc(192)] Cache is not initialized, cannot RetrieveEntry.
Oct 16, 2018 02:48:28.72 [4608:6872:1016/024828.585:ERROR:in_progress_cache_impl.cc(192)] Cache is not initialized, cannot RetrieveEntry.
Oct 16, 2018 02:48:28.72 [4608:6872:1016/024828.585:ERROR:in_progress_cache_impl.cc(192)] Cache is not initialized, cannot RetrieveEntry.
Oct 16, 2018 02:48:28.72 [4608:6872:1016/024828.585:ERROR:in_progress_cache_impl.cc(192)] Cache is not initialized, cannot RetrieveEntry.
Oct 16, 2018 02:48:28.72 [4608:6872:1016/024828.585:ERROR:in_progress_cache_impl.cc(192)] Cache is not initialized, cannot RetrieveEntry.
Oct 16, 2018 02:48:28.72 [4608:6872:1016/024828.585:ERROR:in_progress_cache_impl.cc(192)] Cache is not initialized, cannot RetrieveEntry.
Oct 16, 2018 02:48:28.72 [4608:6872:1016/024828.585:ERROR:in_progress_cache_impl.cc(192)] Cache is not initialized, cannot RetrieveEntry.
Oct 16, 2018 02:48:28.73 [4608:6872:1016/024828.585:ERROR:in_progress_cache_impl.cc(192)] Cache is not initialized, cannot RetrieveEntry.
Oct 16, 2018 02:48:28.73 [4608:6872:1016/024828.585:ERROR:in_progress_cache_impl.cc(192)] Cache is not initialized, cannot RetrieveEntry.
Oct 16, 2018 02:48:28.73 [4608:6872:1016/024828.585:ERROR:in_progress_cache_impl.cc(192)] Cache is not initialized, cannot RetrieveEntry.
Oct 16, 2018 02:48:28.73 [4608:6872:1016/024828.585:ERROR:in_progress_cache_impl.cc(192)] Cache is not initialized, cannot RetrieveEntry.
Oct 16, 2018 02:48:28.73 [4608:6872:1016/024828.585:ERROR:in_progress_cache_impl.cc(192)] Cache is not initialized, cannot RetrieveEntry.
Oct 16, 2018 02:48:28.73 [4608:6872:1016/024828.586:ERROR:in_progress_cache_impl.cc(192)] Cache is not initialized, cannot RetrieveEntry.
Oct 16, 2018 02:48:28.73 [4608:6872:1016/024828.636:ERROR:in_progress_cache_impl.cc(192)] Cache is not initialized, cannot RetrieveEntry.
Oct 16, 2018 02:48:28.73 [4608:6872:1016/024828.636:ERROR:in_progress_cache_impl.cc(192)] Cache is not initialized, cannot RetrieveEntry.
Oct 16, 2018 02:48:28.73 [4608:6872:1016/024828.636:ERROR:in_progress_cache_impl.cc(192)] Cache is not initialized, cannot RetrieveEntry.
Oct 16, 2018 02:48:28.74 [4608:6872:1016/024828.636:ERROR:in_progress_cache_impl.cc(192)] Cache is not initialized, cannot RetrieveEntry.
Oct 16, 2018 02:48:28.74 [4608:6872:1016/024828.636:ERROR:in_progress_cache_impl.cc(192)] Cache is not initialized, cannot RetrieveEntry.
Oct 16, 2018 02:48:28.74 [4608:6872:1016/024828.636:ERROR:in_progress_cache_impl.cc(192)] Cache is not initialized, cannot RetrieveEntry.
Oct 16, 2018 02:48:28.74 [4608:6872:1016/024828.636:ERROR:in_progress_cache_impl.cc(192)] Cache is not initialized, cannot RetrieveEntry.
Oct 16, 2018 02:48:28.74 [4608:6872:1016/024828.636:ERROR:in_progress_cache_impl.cc(192)] Cache is not initialized, cannot RetrieveEntry.
Oct 16, 2018 02:48:28.74 [4608:6872:1016/024828.636:ERROR:in_progress_cache_impl.cc(192)] Cache is not initialized, cannot RetrieveEntry.
Oct 16, 2018 02:48:28.74 [4608:6872:1016/024828.636:ERROR:in_progress_cache_impl.cc(192)] Cache is not initialized, cannot RetrieveEntry.
Oct 16, 2018 02:48:28.74 [4608:6872:1016/024828.636:ERROR:in_progress_cache_impl.cc(192)] Cache is not initialized, cannot RetrieveEntry.
Oct 16, 2018 02:48:28.75 [4608:6872:1016/024828.636:ERROR:in_progress_cache_impl.cc(192)] Cache is not initialized, cannot RetrieveEntry.
Oct 16, 2018 02:48:28.75 [4608:6872:1016/024828.636:ERROR:in_progress_cache_impl.cc(192)] Cache is not initialized, cannot RetrieveEntry.
Oct 16, 2018 02:48:28.75 [4608:6872:1016/024828.636:ERROR:in_progress_cache_impl.cc(192)] Cache is not initialized, cannot RetrieveEntry.
Oct 16, 2018 02:48:28.75 [4608:6872:1016/024828.636:ERROR:in_progress_cache_impl.cc(192)] Cache is not initialized, cannot RetrieveEntry.
Oct 16, 2018 02:48:28.75 [4608:6872:1016/024828.636:ERROR:in_progress_cache_impl.cc(192)] Cache is not initialized, cannot RetrieveEntry.
Oct 16, 2018 02:48:28.75 [4608:6872:1016/024828.636:ERROR:in_progress_cache_impl.cc(192)] Cache is not initialized, cannot RetrieveEntry.
Oct 16, 2018 02:49:33.02 [4608:3580:1016/024933.022:ERROR:connection_factory_impl.cc(396)] Failed to connect to MCS endpoint with error -106
Oct 16, 2018 02:49:40.28 [4608:3580:1016/024940.280:ERROR:connection_factory_impl.cc(396)] Failed to connect to MCS endpoint with error -21
Oct 16, 2018 02:56:05.28 [4608:3580:1016/025605.281:ERROR:ssl_client_socket_impl.cc(1050)] handshake failed; returned -1, SSL error code 1, net_error -100
Oct 16, 2018 03:00:00.24 [4608:3580:1016/030000.247:ERROR:ssl_client_socket_impl.cc(1050)] handshake failed; returned -1, SSL error code 1, net_error -100
Oct 16, 2018 03:03:45.36 [4608:3580:1016/030345.361:ERROR:ssl_client_socket_impl.cc(1050)] handshake failed; returned -1, SSL error code 1, net_error -101
Oct 16, 2018 03:04:42.13 [4608:3580:1016/030442.133:ERROR:connection_factory_impl.cc(396)] Failed to connect to MCS endpoint with error -106

Oct 16, 2018 08:14:48.97 NEW SESSION
Oct 16, 2018 08:14:48.97 [1268:2232:1016/081448.935:ERROR:in_progress_cache_impl.cc(192)] Cache is not initialized, cannot RetrieveEntry.
Oct 16, 2018 08:14:48.98 [1268:2232:1016/081448.936:ERROR:in_progress_cache_impl.cc(192)] Cache is not initialized, cannot RetrieveEntry.
Oct 16, 2018 08:14:48.98 [1268:2232:1016/081448.936:ERROR:in_progress_cache_impl.cc(192)] Cache is not initialized, cannot RetrieveEntry.
Oct 16, 2018 08:14:48.99 [1268:2232:1016/081448.936:ERROR:in_progress_cache_impl.cc(192)] Cache is not initialized, cannot RetrieveEntry.
Oct 16, 2018 08:14:48.99 [1268:2232:1016/081448.936:ERROR:in_progress_cache_impl.cc(192)] Cache is not initialized, cannot RetrieveEntry.
Oct 16, 2018 08:14:48.99 [1268:2232:1016/081448.936:ERROR:in_progress_cache_impl.cc(192)] Cache is not initialized, cannot RetrieveEntry.
Oct 16, 2018 08:14:48.99 [1268:2232:1016/081448.936:ERROR:in_progress_cache_impl.cc(192)] Cache is not initialized, cannot RetrieveEntry.
Oct 16, 2018 08:14:49.01 [1268:2232:1016/081448.936:ERROR:in_progress_cache_impl.cc(192)] Cache is not initialized, cannot RetrieveEntry.
Oct 16, 2018 08:14:49.01 [1268:2232:1016/081448.936:ERROR:in_progress_cache_impl.cc(192)] Cache is not initialized, cannot RetrieveEntry.
Oct 16, 2018 08:14:49.02 [1268:2232:1016/081448.936:ERROR:in_progress_cache_impl.cc(192)] Cache is not initialized, cannot RetrieveEntry.
Oct 16, 2018 08:14:49.02 [1268:2232:1016/081448.936:ERROR:in_progress_cache_impl.cc(192)] Cache is not initialized, cannot RetrieveEntry.
Oct 16, 2018 08:14:49.03 [1268:2232:1016/081448.936:ERROR:in_progress_cache_impl.cc(192)] Cache is not initialized, cannot RetrieveEntry.
Oct 16, 2018 08:14:49.03 [1268:2232:1016/081448.936:ERROR:in_progress_cache_impl.cc(192)] Cache is not initialized, cannot RetrieveEntry.
Oct 16, 2018 08:14:49.04 [1268:2232:1016/081448.936:ERROR:in_progress_cache_impl.cc(192)] Cache is not initialized, cannot RetrieveEntry.
Oct 16, 2018 08:14:49.04 [1268:2232:1016/081448.936:ERROR:in_progress_cache_impl.cc(192)] Cache is not initialized, cannot RetrieveEntry.
Oct 16, 2018 08:14:49.04 [1268:2232:1016/081448.936:ERROR:in_progress_cache_impl.cc(192)] Cache is not initialized, cannot RetrieveEntry.
Oct 16, 2018 08:14:49.05 [1268:2232:1016/081448.936:ERROR:in_progress_cache_impl.cc(192)] Cache is not initialized, cannot RetrieveEntry.
Oct 16, 2018 08:14:49.05 [1268:2232:1016/081448.936:ERROR:in_progress_cache_impl.cc(192)] Cache is not initialized, cannot RetrieveEntry.
Oct 16, 2018 08:14:49.05 [1268:2232:1016/081448.936:ERROR:in_progress_cache_impl.cc(192)] Cache is not initialized, cannot RetrieveEntry.
Oct 16, 2018 08:14:49.05 [1268:2232:1016/081448.936:ERROR:in_progress_cache_impl.cc(192)] Cache is not initialized, cannot RetrieveEntry.
Oct 16, 2018 08:14:49.05 [1268:2232:1016/081448.936:ERROR:in_progress_cache_impl.cc(192)] Cache is not initialized, cannot RetrieveEntry.
Oct 16, 2018 08:14:49.05 [1268:2232:1016/081448.936:ERROR:in_progress_cache_impl.cc(192)] Cache is not initialized, cannot RetrieveEntry.
Oct 16, 2018 08:14:49.05 [1268:2232:1016/081448.936:ERROR:in_progress_cache_impl.cc(192)] Cache is not initialized, cannot RetrieveEntry.
Oct 16, 2018 08:14:49.05 [1268:2232:1016/081448.936:ERROR:in_progress_cache_impl.cc(192)] Cache is not initialized, cannot RetrieveEntry.
Oct 16, 2018 08:14:49.05 [1268:2232:1016/081448.936:ERROR:in_progress_cache_impl.cc(192)] Cache is not initialized, cannot RetrieveEntry.
Oct 16, 2018 08:14:49.05 [1268:2232:1016/081448.936:ERROR:in_progress_cache_impl.cc(192)] Cache is not initialized, cannot RetrieveEntry.
Oct 16, 2018 08:14:49.05 [1268:2232:1016/081448.936:ERROR:in_progress_cache_impl.cc(192)] Cache is not initialized, cannot RetrieveEntry.
Oct 16, 2018 08:14:49.05 [1268:2232:1016/081448.936:ERROR:in_progress_cache_impl.cc(192)] Cache is not initialized, cannot RetrieveEntry.
Oct 16, 2018 08:14:49.05 [1268:2232:1016/081448.936:ERROR:in_progress_cache_impl.cc(192)] Cache is not initialized, cannot RetrieveEntry.
Oct 16, 2018 08:14:49.05 [1268:2232:1016/081448.936:ERROR:in_progress_cache_impl.cc(192)] Cache is not initialized, cannot RetrieveEntry.
Oct 16, 2018 08:14:49.05 [1268:2232:1016/081448.936:ERROR:in_progress_cache_impl.cc(192)] Cache is not initialized, cannot RetrieveEntry.
Oct 16, 2018 08:14:49.05 [1268:2232:1016/081448.936:ERROR:in_progress_cache_impl.cc(192)] Cache is not initialized, cannot RetrieveEntry.
Oct 16, 2018 08:14:49.05 [1268:2232:1016/081448.937:ERROR:in_progress_cache_impl.cc(192)] Cache is not initialized, cannot RetrieveEntry.
Oct 16, 2018 08:14:49.06 [1268:2232:1016/081448.937:ERROR:in_progress_cache_impl.cc(192)] Cache is not initialized, cannot RetrieveEntry.
Oct 16, 2018 08:14:49.06 [1268:2232:1016/081448.937:ERROR:in_progress_cache_impl.cc(192)] Cache is not initialized, cannot RetrieveEntry.
Oct 16, 2018 08:14:49.06 [1268:2232:1016/081448.937:ERROR:in_progress_cache_impl.cc(192)] Cache is not initialized, cannot RetrieveEntry.
Oct 16, 2018 08:14:49.06 [1268:2232:1016/081448.937:ERROR:in_progress_cache_impl.cc(192)] Cache is not initialized, cannot RetrieveEntry.
Oct 16, 2018 08:14:49.06 [1268:2232:1016/081448.937:ERROR:in_progress_cache_impl.cc(192)] Cache is not initialized, cannot RetrieveEntry.
Oct 16, 2018 08:14:49.06 [1268:2232:1016/081448.938:ERROR:in_progress_cache_impl.cc(192)] Cache is not initialized, cannot RetrieveEntry.
Oct 16, 2018 08:14:49.06 [1268:2232:1016/081448.938:ERROR:in_progress_cache_impl.cc(192)] Cache is not initialized, cannot RetrieveEntry.
Oct 16, 2018 08:14:49.06 [1268:2232:1016/081448.938:ERROR:in_progress_cache_impl.cc(192)] Cache is not initialized, cannot RetrieveEntry.
Oct 16, 2018 08:14:49.06 [1268:2232:1016/081448.938:ERROR:in_progress_cache_impl.cc(192)] Cache is not initialized, cannot RetrieveEntry.
Oct 16, 2018 08:14:49.06 [1268:2232:1016/081448.938:ERROR:in_progress_cache_impl.cc(192)] Cache is not initialized, cannot RetrieveEntry.
Oct 16, 2018 08:14:49.06 [1268:2232:1016/081448.938:ERROR:in_progress_cache_impl.cc(192)] Cache is not initialized, cannot RetrieveEntry.
Oct 16, 2018 08:14:49.06 [1268:2232:1016/081448.938:ERROR:in_progress_cache_impl.cc(192)] Cache is not initialized, cannot RetrieveEntry.
Oct 16, 2018 08:14:49.06 [1268:2232:1016/081448.938:ERROR:in_progress_cache_impl.cc(192)] Cache is not initialized, cannot RetrieveEntry.
Oct 16, 2018 08:14:49.07 [1268:2232:1016/081448.938:ERROR:in_progress_cache_impl.cc(192)] Cache is not initialized, cannot RetrieveEntry.
Oct 16, 2018 08:14:49.07 [1268:2232:1016/081448.938:ERROR:in_progress_cache_impl.cc(192)] Cache is not initialized, cannot RetrieveEntry.
Oct 16, 2018 08:14:49.07 [1268:2232:1016/081448.938:ERROR:in_progress_cache_impl.cc(192)] Cache is not initialized, cannot RetrieveEntry.
Oct 16, 2018 08:14:49.07 [1268:2232:1016/081448.938:ERROR:in_progress_cache_impl.cc(192)] Cache is not initialized, cannot RetrieveEntry.
Oct 16, 2018 08:14:49.07 [1268:2232:1016/081448.938:ERROR:in_progress_cache_impl.cc(192)] Cache is not initialized, cannot RetrieveEntry.
Oct 16, 2018 08:14:49.07 [1268:2232:1016/081448.938:ERROR:in_progress_cache_impl.cc(192)] Cache is not initialized, cannot RetrieveEntry.
Oct 16, 2018 08:14:49.07 [1268:2232:1016/081448.938:ERROR:in_progress_cache_impl.cc(192)] Cache is not initialized, cannot RetrieveEntry.
Oct 16, 2018 08:14:49.07 [1268:2232:1016/081448.938:ERROR:in_progress_cache_impl.cc(192)] Cache is not initialized, cannot RetrieveEntry.
Oct 16, 2018 08:14:49.07 [1268:2232:1016/081448.938:ERROR:in_progress_cache_impl.cc(192)] Cache is not initialized, cannot RetrieveEntry.
Oct 16, 2018 08:14:49.07 [1268:2232:1016/081448.938:ERROR:in_progress_cache_impl.cc(192)] Cache is not initialized, cannot RetrieveEntry.
Oct 16, 2018 08:14:49.09 [1268:2232:1016/081448.938:ERROR:in_progress_cache_impl.cc(192)] Cache is not initialized, cannot RetrieveEntry.
Oct 16, 2018 08:14:49.09 [1268:2232:1016/081448.938:ERROR:in_progress_cache_impl.cc(192)] Cache is not initialized, cannot RetrieveEntry.
Oct 16, 2018 08:14:49.09 [1268:2232:1016/081448.938:ERROR:in_progress_cache_impl.cc(192)] Cache is not initialized, cannot RetrieveEntry.
Oct 16, 2018 08:14:49.10 [1268:2232:1016/081448.938:ERROR:in_progress_cache_impl.cc(192)] Cache is not initialized, cannot RetrieveEntry.
Oct 16, 2018 08:14:49.10 [1268:2232:1016/081448.938:ERROR:in_progress_cache_impl.cc(192)] Cache is not initialized, cannot RetrieveEntry.
Oct 16, 2018 08:14:49.10 [1268:2232:1016/081448.938:ERROR:in_progress_cache_impl.cc(192)] Cache is not initialized, cannot RetrieveEntry.
Oct 16, 2018 08:14:49.10 [1268:2232:1016/081448.938:ERROR:in_progress_cache_impl.cc(192)] Cache is not initialized, cannot RetrieveEntry.
Oct 16, 2018 08:14:49.10 [1268:2232:1016/081448.938:ERROR:in_progress_cache_impl.cc(192)] Cache is not initialized, cannot RetrieveEntry.
Oct 16, 2018 08:14:49.10 [1268:2232:1016/081448.938:ERROR:in_progress_cache_impl.cc(192)] Cache is not initialized, cannot RetrieveEntry.
Oct 16, 2018 08:14:49.10 [1268:2232:1016/081448.938:ERROR:in_progress_cache_impl.cc(192)] Cache is not initialized, cannot RetrieveEntry.
Oct 16, 2018 08:14:49.10 [1268:2232:1016/081448.938:ERROR:in_progress_cache_impl.cc(192)] Cache is not initialized, cannot RetrieveEntry.
Oct 16, 2018 08:14:49.10 [1268:2232:1016/081448.939:ERROR:in_progress_cache_impl.cc(192)] Cache is not initialized, cannot RetrieveEntry.
Oct 16, 2018 08:14:49.10 [1268:2232:1016/081448.939:ERROR:in_progress_cache_impl.cc(192)] Cache is not initialized, cannot RetrieveEntry.
Oct 16, 2018 08:14:49.10 [1268:2232:1016/081448.939:ERROR:in_progress_cache_impl.cc(192)] Cache is not initialized, cannot RetrieveEntry.
Oct 16, 2018 08:14:49.11 [1268:2232:1016/081448.939:ERROR:in_progress_cache_impl.cc(192)] Cache is not initialized, cannot RetrieveEntry.
Oct 16, 2018 08:14:49.11 [1268:2232:1016/081448.939:ERROR:in_progress_cache_impl.cc(192)] Cache is not initialized, cannot RetrieveEntry.
Oct 16, 2018 08:14:49.11 [1268:2232:1016/081448.939:ERROR:in_progress_cache_impl.cc(192)] Cache is not initialized, cannot RetrieveEntry.
Oct 16, 2018 08:14:49.11 [1268:2232:1016/081448.939:ERROR:in_progress_cache_impl.cc(192)] Cache is not initialized, cannot RetrieveEntry.
Oct 16, 2018 08:14:49.11 [1268:2232:1016/081448.939:ERROR:in_progress_cache_impl.cc(192)] Cache is not initialized, cannot RetrieveEntry.
Oct 16, 2018 08:14:49.11 [1268:2232:1016/081448.939:ERROR:in_progress_cache_impl.cc(192)] Cache is not initialized, cannot RetrieveEntry.
Oct 16, 2018 08:14:49.11 [1268:2232:1016/081448.939:ERROR:in_progress_cache_impl.cc(192)] Cache is not initialized, cannot RetrieveEntry.
Oct 16, 2018 08:14:49.11 [1268:2232:1016/081448.939:ERROR:in_progress_cache_impl.cc(192)] Cache is not initialized, cannot RetrieveEntry.
Oct 16, 2018 08:14:49.12 [1268:2232:1016/081448.939:ERROR:in_progress_cache_impl.cc(192)] Cache is not initialized, cannot RetrieveEntry.
Oct 16, 2018 08:14:49.12 [1268:2232:1016/081448.939:ERROR:in_progress_cache_impl.cc(192)] Cache is not initialized, cannot RetrieveEntry.
Oct 16, 2018 08:14:49.12 [1268:2232:1016/081448.939:ERROR:in_progress_cache_impl.cc(192)] Cache is not initialized, cannot RetrieveEntry.
Oct 16, 2018 08:14:49.12 [1268:2232:1016/081448.939:ERROR:in_progress_cache_impl.cc(192)] Cache is not initialized, cannot RetrieveEntry.
Oct 16, 2018 08:14:49.12 [1268:2232:1016/081448.939:ERROR:in_progress_cache_impl.cc(192)] Cache is not initialized, cannot RetrieveEntry.
Oct 16, 2018 08:14:49.12 [1268:2232:1016/081448.939:ERROR:in_progress_cache_impl.cc(192)] Cache is not initialized, cannot RetrieveEntry.
Oct 16, 2018 08:14:49.12 [1268:2232:1016/081448.939:ERROR:in_progress_cache_impl.cc(192)] Cache is not initialized, cannot RetrieveEntry.
Oct 16, 2018 08:14:49.12 [1268:2232:1016/081448.939:ERROR:in_progress_cache_impl.cc(192)] Cache is not initialized, cannot RetrieveEntry.
Oct 16, 2018 08:14:49.13 [1268:2232:1016/081448.939:ERROR:in_progress_cache_impl.cc(192)] Cache is not initialized, cannot RetrieveEntry.
Oct 16, 2018 08:14:49.13 [1268:2232:1016/081448.939:ERROR:in_progress_cache_impl.cc(192)] Cache is not initialized, cannot RetrieveEntry.
Oct 16, 2018 08:14:49.13 [1268:2232:1016/081448.939:ERROR:in_progress_cache_impl.cc(192)] Cache is not initialized, cannot RetrieveEntry.
Oct 16, 2018 08:14:49.13 [1268:2232:1016/081448.939:ERROR:in_progress_cache_impl.cc(192)] Cache is not initialized, cannot RetrieveEntry.
Oct 16, 2018 08:14:49.13 [1268:2232:1016/081448.939:ERROR:in_progress_cache_impl.cc(192)] Cache is not initialized, cannot RetrieveEntry.
Oct 16, 2018 08:14:49.13 [1268:2232:1016/081448.939:ERROR:in_progress_cache_impl.cc(192)] Cache is not initialized, cannot RetrieveEntry.
Oct 16, 2018 08:14:49.13 [1268:2232:1016/081448.939:ERROR:in_progress_cache_impl.cc(192)] Cache is not initialized, cannot RetrieveEntry.
Oct 16, 2018 08:14:49.15 [1268:2232:1016/081448.939:ERROR:in_progress_cache_impl.cc(192)] Cache is not initialized, cannot RetrieveEntry.
Oct 16, 2018 08:14:49.15 [1268:2232:1016/081448.939:ERROR:in_progress_cache_impl.cc(192)] Cache is not initialized, cannot RetrieveEntry.
Oct 16, 2018 08:14:49.15 [1268:2232:1016/081448.939:ERROR:in_progress_cache_impl.cc(192)] Cache is not initialized, cannot RetrieveEntry.
Oct 16, 2018 08:14:49.15 [1268:2232:1016/081448.939:ERROR:in_progress_cache_impl.cc(192)] Cache is not initialized, cannot RetrieveEntry.
Oct 16, 2018 08:14:49.15 [1268:2232:1016/081448.939:ERROR:in_progress_cache_impl.cc(192)] Cache is not initialized, cannot RetrieveEntry.
Oct 16, 2018 08:14:49.15 [1268:2232:1016/081448.939:ERROR:in_progress_cache_impl.cc(192)] Cache is not initialized, cannot RetrieveEntry.
Oct 16, 2018 08:14:49.15 [1268:2232:1016/081448.939:ERROR:in_progress_cache_impl.cc(192)] Cache is not initialized, cannot RetrieveEntry.
Oct 16, 2018 08:14:49.16 [1268:2232:1016/081448.940:ERROR:in_progress_cache_impl.cc(192)] Cache is not initialized, cannot RetrieveEntry.
Oct 16, 2018 08:14:49.16 [1268:2232:1016/081448.940:ERROR:in_progress_cache_impl.cc(192)] Cache is not initialized, cannot RetrieveEntry.
Oct 16, 2018 08:14:49.16 [1268:2232:1016/081448.954:ERROR:in_progress_cache_impl.cc(192)] Cache is not initialized, cannot RetrieveEntry.
Oct 16, 2018 08:14:49.16 [1268:2232:1016/081448.954:ERROR:in_progress_cache_impl.cc(192)] Cache is not initialized, cannot RetrieveEntry.
Oct 16, 2018 08:14:49.16 [1268:2232:1016/081448.954:ERROR:in_progress_cache_impl.cc(192)] Cache is not initialized, cannot RetrieveEntry.
Oct 16, 2018 08:14:49.16 [1268:2232:1016/081448.954:ERROR:in_progress_cache_impl.cc(192)] Cache is not initialized, cannot RetrieveEntry.
Oct 16, 2018 08:14:49.17 [1268:2232:1016/081448.954:ERROR:in_progress_cache_impl.cc(192)] Cache is not initialized, cannot RetrieveEntry.
Oct 16, 2018 08:14:49.17 [1268:2232:1016/081448.954:ERROR:in_progress_cache_impl.cc(192)] Cache is not initialized, cannot RetrieveEntry.
Oct 16, 2018 08:14:49.17 [1268:2232:1016/081448.954:ERROR:in_progress_cache_impl.cc(192)] Cache is not initialized, cannot RetrieveEntry.
Oct 16, 2018 08:14:49.18 [1268:2232:1016/081448.954:ERROR:in_progress_cache_impl.cc(192)] Cache is not initialized, cannot RetrieveEntry.
Oct 16, 2018 08:14:49.18 [1268:2232:1016/081448.954:ERROR:in_progress_cache_impl.cc(192)] Cache is not initialized, cannot RetrieveEntry.
Oct 16, 2018 08:14:49.18 [1268:2232:1016/081448.954:ERROR:in_progress_cache_impl.cc(192)] Cache is not initialized, cannot RetrieveEntry.
Oct 16, 2018 08:14:49.18 [1268:2232:1016/081448.954:ERROR:in_progress_cache_impl.cc(192)] Cache is not initialized, cannot RetrieveEntry.
Oct 16, 2018 08:14:49.18 [1268:2232:1016/081448.954:ERROR:in_progress_cache_impl.cc(192)] Cache is not initialized, cannot RetrieveEntry.
Oct 16, 2018 08:14:49.18 [1268:2232:1016/081448.954:ERROR:in_progress_cache_impl.cc(192)] Cache is not initialized, cannot RetrieveEntry.
Oct 16, 2018 08:14:49.18 [1268:2232:1016/081448.954:ERROR:in_progress_cache_impl.cc(192)] Cache is not initialized, cannot RetrieveEntry.
Oct 16, 2018 08:14:49.18 [1268:2232:1016/081448.954:ERROR:in_progress_cache_impl.cc(192)] Cache is not initialized, cannot RetrieveEntry.
Oct 16, 2018 08:14:49.18 [1268:2232:1016/081448.954:ERROR:in_progress_cache_impl.cc(192)] Cache is not initialized, cannot RetrieveEntry.
Oct 16, 2018 08:14:49.18 [1268:2232:1016/081448.954:ERROR:in_progress_cache_impl.cc(192)] Cache is not initialized, cannot RetrieveEntry.
Oct 16, 2018 08:14:49.18 [1268:2232:1016/081448.954:ERROR:in_progress_cache_impl.cc(192)] Cache is not initialized, cannot RetrieveEntry.
Oct 16, 2018 08:14:49.18 [1268:2232:1016/081448.954:ERROR:in_progress_cache_impl.cc(192)] Cache is not initialized, cannot RetrieveEntry.
Oct 16, 2018 08:14:49.18 [1268:2232:1016/081448.954:ERROR:in_progress_cache_impl.cc(192)] Cache is not initialized, cannot RetrieveEntry.
Oct 16, 2018 08:14:49.18 [1268:2232:1016/081448.954:ERROR:in_progress_cache_impl.cc(192)] Cache is not initialized, cannot RetrieveEntry.
Oct 16, 2018 08:14:49.18 [1268:2232:1016/081448.954:ERROR:in_progress_cache_impl.cc(192)] Cache is not initialized, cannot RetrieveEntry.
Oct 16, 2018 08:14:49.19 [1268:2232:1016/081448.954:ERROR:in_progress_cache_impl.cc(192)] Cache is not initialized, cannot RetrieveEntry.
Oct 16, 2018 08:14:49.19 [1268:2232:1016/081448.954:ERROR:in_progress_cache_impl.cc(192)] Cache is not initialized, cannot RetrieveEntry.
Oct 16, 2018 08:14:49.20 [1268:2232:1016/081448.954:ERROR:in_progress_cache_impl.cc(192)] Cache is not initialized, cannot RetrieveEntry.
Oct 16, 2018 08:14:49.20 [1268:2232:1016/081448.954:ERROR:in_progress_cache_impl.cc(192)] Cache is not initialized, cannot RetrieveEntry.
Oct 16, 2018 08:14:49.20 [1268:2232:1016/081448.954:ERROR:in_progress_cache_impl.cc(192)] Cache is not initialized, cannot RetrieveEntry.
Oct 16, 2018 08:14:49.20 [1268:2232:1016/081448.954:ERROR:in_progress_cache_impl.cc(192)] Cache is not initialized, cannot RetrieveEntry.
Oct 16, 2018 08:16:34.35 [6456:2024:1016/081634.356:ERROR:in_progress_cache_impl.cc(192)] Cache is not initialized, cannot RetrieveEntry.
Oct 16, 2018 08:16:34.36 [6456:2024:1016/081634.356:ERROR:in_progress_cache_impl.cc(192)] Cache is not initialized, cannot RetrieveEntry.
Oct 16, 2018 08:16:34.36 [6456:2024:1016/081634.356:ERROR:in_progress_cache_impl.cc(192)] Cache is not initialized, cannot RetrieveEntry.
Oct 16, 2018 08:16:34.36 [6456:2024:1016/081634.356:ERROR:in_progress_cache_impl.cc(192)] Cache is not initialized, cannot RetrieveEntry.
Oct 16, 2018 08:16:34.36 [6456:2024:1016/081634.356:ERROR:in_progress_cache_impl.cc(192)] Cache is not initialized, cannot RetrieveEntry.
Oct 16, 2018 08:16:34.36 [6456:2024:1016/081634.356:ERROR:in_progress_cache_impl.cc(192)] Cache is not initialized, cannot RetrieveEntry.
Oct 16, 2018 08:16:34.36 [6456:2024:1016/081634.356:ERROR:in_progress_cache_impl.cc(192)] Cache is not initialized, cannot RetrieveEntry.
Oct 16, 2018 08:16:34.36 [6456:2024:1016/081634.356:ERROR:in_progress_cache_impl.cc(192)] Cache is not initialized, cannot RetrieveEntry.
Oct 16, 2018 08:16:34.36 [6456:2024:1016/081634.356:ERROR:in_progress_cache_impl.cc(192)] Cache is not initialized, cannot RetrieveEntry.
Oct 16, 2018 08:16:34.36 [6456:2024:1016/081634.356:ERROR:in_progress_cache_impl.cc(192)] Cache is not initialized, cannot RetrieveEntry.
Oct 16, 2018 08:16:34.36 [6456:2024:1016/081634.356:ERROR:in_progress_cache_impl.cc(192)] Cache is not initialized, cannot RetrieveEntry.
Oct 16, 2018 08:16:34.36 [6456:2024:1016/081634.356:ERROR:in_progress_cache_impl.cc(192)] Cache is not initialized, cannot RetrieveEntry.
Oct 16, 2018 08:16:34.36 [6456:2024:1016/081634.356:ERROR:in_progress_cache_impl.cc(192)] Cache is not initialized, cannot RetrieveEntry.
Oct 16, 2018 08:16:34.37 [6456:2024:1016/081634.356:ERROR:in_progress_cache_impl.cc(192)] Cache is not initialized, cannot RetrieveEntry.
Oct 16, 2018 08:16:34.37 [6456:2024:1016/081634.356:ERROR:in_progress_cache_impl.cc(192)] Cache is not initialized, cannot RetrieveEntry.
Oct 16, 2018 08:16:34.37 [6456:2024:1016/081634.356:ERROR:in_progress_cache_impl.cc(192)] Cache is not initialized, cannot RetrieveEntry.
Oct 16, 2018 08:16:34.37 [6456:2024:1016/081634.356:ERROR:in_progress_cache_impl.cc(192)] Cache is not initialized, cannot RetrieveEntry.
Oct 16, 2018 08:16:34.37 [6456:2024:1016/081634.356:ERROR:in_progress_cache_impl.cc(192)] Cache is not initialized, cannot RetrieveEntry.
Oct 16, 2018 08:16:34.37 [6456:2024:1016/081634.357:ERROR:in_progress_cache_impl.cc(192)] Cache is not initialized, cannot RetrieveEntry.
Oct 16, 2018 08:16:34.37 [6456:2024:1016/081634.357:ERROR:in_progress_cache_impl.cc(192)] Cache is not initialized, cannot RetrieveEntry.
Oct 16, 2018 08:16:34.37 [6456:2024:1016/081634.357:ERROR:in_progress_cache_impl.cc(192)] Cache is not initialized, cannot RetrieveEntry.
Oct 16, 2018 08:16:34.37 [6456:2024:1016/081634.357:ERROR:in_progress_cache_impl.cc(192)] Cache is not initialized, cannot RetrieveEntry.
Oct 16, 2018 08:16:34.37 [6456:2024:1016/081634.357:ERROR:in_progress_cache_impl.cc(192)] Cache is not initialized, cannot RetrieveEntry.
Oct 16, 2018 08:16:34.37 [6456:2024:1016/081634.357:ERROR:in_progress_cache_impl.cc(192)] Cache is not initialized, cannot RetrieveEntry.
Oct 16, 2018 08:16:34.37 [6456:2024:1016/081634.357:ERROR:in_progress_cache_impl.cc(192)] Cache is not initialized, cannot RetrieveEntry.
Oct 16, 2018 08:16:34.37 [6456:2024:1016/081634.357:ERROR:in_progress_cache_impl.cc(192)] Cache is not initialized, cannot RetrieveEntry.
Oct 16, 2018 08:16:34.37 [6456:2024:1016/081634.357:ERROR:in_progress_cache_impl.cc(192)] Cache is not initialized, cannot RetrieveEntry.
Oct 16, 2018 08:16:34.37 [6456:2024:1016/081634.357:ERROR:in_progress_cache_impl.cc(192)] Cache is not initialized, cannot RetrieveEntry.
Oct 16, 2018 08:16:34.37 [6456:2024:1016/081634.357:ERROR:in_progress_cache_impl.cc(192)] Cache is not initialized, cannot RetrieveEntry.
Oct 16, 2018 08:16:34.37 [6456:2024:1016/081634.357:ERROR:in_progress_cache_impl.cc(192)] Cache is not initialized, cannot RetrieveEntry.
Oct 16, 2018 08:16:34.37 [6456:2024:1016/081634.357:ERROR:in_progress_cache_impl.cc(192)] Cache is not initialized, cannot RetrieveEntry.
Oct 16, 2018 08:16:34.37 [6456:2024:1016/081634.357:ERROR:in_progress_cache_impl.cc(192)] Cache is not initialized, cannot RetrieveEntry.
Oct 16, 2018 08:16:34.38 [6456:2024:1016/081634.357:ERROR:in_progress_cache_impl.cc(192)] Cache is not initialized, cannot RetrieveEntry.
Oct 16, 2018 08:16:34.38 [6456:2024:1016/081634.357:ERROR:in_progress_cache_impl.cc(192)] Cache is not initialized, cannot RetrieveEntry.
Oct 16, 2018 08:16:34.38 [6456:2024:1016/081634.357:ERROR:in_progress_cache_impl.cc(192)] Cache is not initialized, cannot RetrieveEntry.
Oct 16, 2018 08:16:34.38 [6456:2024:1016/081634.357:ERROR:in_progress_cache_impl.cc(192)] Cache is not initialized, cannot RetrieveEntry.
Oct 16, 2018 08:16:34.38 [6456:2024:1016/081634.357:ERROR:in_progress_cache_impl.cc(192)] Cache is not initialized, cannot RetrieveEntry.
Oct 16, 2018 08:16:34.38 [6456:2024:1016/081634.357:ERROR:in_progress_cache_impl.cc(192)] Cache is not initialized, cannot RetrieveEntry.
Oct 16, 2018 08:16:34.38 [6456:2024:1016/081634.357:ERROR:in_progress_cache_impl.cc(192)] Cache is not initialized, cannot RetrieveEntry.
Oct 16, 2018 08:16:34.38 [6456:2024:1016/081634.357:ERROR:in_progress_cache_impl.cc(192)] Cache is not initialized, cannot RetrieveEntry.
Oct 16, 2018 08:16:34.38 [6456:2024:1016/081634.357:ERROR:in_progress_cache_impl.cc(192)] Cache is not initialized, cannot RetrieveEntry.
Oct 16, 2018 08:16:34.38 [6456:2024:1016/081634.357:ERROR:in_progress_cache_impl.cc(192)] Cache is not initialized, cannot RetrieveEntry.
Oct 16, 2018 08:16:34.38 [6456:2024:1016/081634.357:ERROR:in_progress_cache_impl.cc(192)] Cache is not initialized, cannot RetrieveEntry.
Oct 16, 2018 08:16:34.38 [6456:2024:1016/081634.357:ERROR:in_progress_cache_impl.cc(192)] Cache is not initialized, cannot RetrieveEntry.
Oct 16, 2018 08:16:34.38 [6456:2024:1016/081634.357:ERROR:in_progress_cache_impl.cc(192)] Cache is not initialized, cannot RetrieveEntry.
Oct 16, 2018 08:16:34.38 [6456:2024:1016/081634.358:ERROR:in_progress_cache_impl.cc(192)] Cache is not initialized, cannot RetrieveEntry.
Oct 16, 2018 08:16:34.38 [6456:2024:1016/081634.358:ERROR:in_progress_cache_impl.cc(192)] Cache is not initialized, cannot RetrieveEntry.
Oct 16, 2018 08:16:34.38 [6456:2024:1016/081634.358:ERROR:in_progress_cache_impl.cc(192)] Cache is not initialized, cannot RetrieveEntry.
Oct 16, 2018 08:16:34.38 [6456:2024:1016/081634.358:ERROR:in_progress_cache_impl.cc(192)] Cache is not initialized, cannot RetrieveEntry.
Oct 16, 2018 08:16:34.39 [6456:2024:1016/081634.358:ERROR:in_progress_cache_impl.cc(192)] Cache is not initialized, cannot RetrieveEntry.
Oct 16, 2018 08:16:34.39 [6456:2024:1016/081634.358:ERROR:in_progress_cache_impl.cc(192)] Cache is not initialized, cannot RetrieveEntry.
Oct 16, 2018 08:16:34.39 [6456:2024:1016/081634.358:ERROR:in_progress_cache_impl.cc(192)] Cache is not initialized, cannot RetrieveEntry.
Oct 16, 2018 08:16:34.39 [6456:2024:1016/081634.358:ERROR:in_progress_cache_impl.cc(192)] Cache is not initialized, cannot RetrieveEntry.
Oct 16, 2018 08:16:34.39 [6456:2024:1016/081634.358:ERROR:in_progress_cache_impl.cc(192)] Cache is not initialized, cannot RetrieveEntry.
Oct 16, 2018 08:16:34.39 [6456:2024:1016/081634.358:ERROR:in_progress_cache_impl.cc(192)] Cache is not initialized, cannot RetrieveEntry.
Oct 16, 2018 08:16:34.39 [6456:2024:1016/081634.358:ERROR:in_progress_cache_impl.cc(192)] Cache is not initialized, cannot RetrieveEntry.
Oct 16, 2018 08:16:34.39 [6456:2024:1016/081634.358:ERROR:in_progress_cache_impl.cc(192)] Cache is not initialized, cannot RetrieveEntry.
Oct 16, 2018 08:16:34.39 [6456:2024:1016/081634.358:ERROR:in_progress_cache_impl.cc(192)] Cache is not initialized, cannot RetrieveEntry.
Oct 16, 2018 08:16:34.39 [6456:2024:1016/081634.358:ERROR:in_progress_cache_impl.cc(192)] Cache is not initialized, cannot RetrieveEntry.
Oct 16, 2018 08:16:34.39 [6456:2024:1016/081634.358:ERROR:in_progress_cache_impl.cc(192)] Cache is not initialized, cannot RetrieveEntry.
Oct 16, 2018 08:16:34.39 [6456:2024:1016/081634.358:ERROR:in_progress_cache_impl.cc(192)] Cache is not initialized, cannot RetrieveEntry.
Oct 16, 2018 08:16:34.39 [6456:2024:1016/081634.358:ERROR:in_progress_cache_impl.cc(192)] Cache is not initialized, cannot RetrieveEntry.
Oct 16, 2018 08:16:34.39 [6456:2024:1016/081634.358:ERROR:in_progress_cache_impl.cc(192)] Cache is not initialized, cannot RetrieveEntry.
Oct 16, 2018 08:16:34.39 [6456:2024:1016/081634.358:ERROR:in_progress_cache_impl.cc(192)] Cache is not initialized, cannot RetrieveEntry.
Oct 16, 2018 08:16:34.39 [6456:2024:1016/081634.358:ERROR:in_progress_cache_impl.cc(192)] Cache is not initialized, cannot RetrieveEntry.
Oct 16, 2018 08:16:34.40 [6456:2024:1016/081634.358:ERROR:in_progress_cache_impl.cc(192)] Cache is not initialized, cannot RetrieveEntry.
Oct 16, 2018 08:16:34.40 [6456:2024:1016/081634.358:ERROR:in_progress_cache_impl.cc(192)] Cache is not initialized, cannot RetrieveEntry.
Oct 16, 2018 08:16:34.40 [6456:2024:1016/081634.358:ERROR:in_progress_cache_impl.cc(192)] Cache is not initialized, cannot RetrieveEntry.
Oct 16, 2018 08:16:34.40 [6456:2024:1016/081634.358:ERROR:in_progress_cache_impl.cc(192)] Cache is not initialized, cannot RetrieveEntry.
Oct 16, 2018 08:16:34.40 [6456:2024:1016/081634.358:ERROR:in_progress_cache_impl.cc(192)] Cache is not initialized, cannot RetrieveEntry.
Oct 16, 2018 08:16:34.40 [6456:2024:1016/081634.358:ERROR:in_progress_cache_impl.cc(192)] Cache is not initialized, cannot RetrieveEntry.
Oct 16, 2018 08:16:34.40 [6456:2024:1016/081634.358:ERROR:in_progress_cache_impl.cc(192)] Cache is not initialized, cannot RetrieveEntry.
Oct 16, 2018 08:16:34.40 [6456:2024:1016/081634.358:ERROR:in_progress_cache_impl.cc(192)] Cache is not initialized, cannot RetrieveEntry.
Oct 16, 2018 08:16:34.40 [6456:2024:1016/081634.358:ERROR:in_progress_cache_impl.cc(192)] Cache is not initialized, cannot RetrieveEntry.
Oct 16, 2018 08:16:34.40 [6456:2024:1016/081634.358:ERROR:in_progress_cache_impl.cc(192)] Cache is not initialized, cannot RetrieveEntry.
Oct 16, 2018 08:16:34.40 [6456:2024:1016/081634.358:ERROR:in_progress_cache_impl.cc(192)] Cache is not initialized, cannot RetrieveEntry.
Oct 16, 2018 08:16:34.40 [6456:2024:1016/081634.358:ERROR:in_progress_cache_impl.cc(192)] Cache is not initialized, cannot RetrieveEntry.
Oct 16, 2018 08:16:34.40 [6456:2024:1016/081634.358:ERROR:in_progress_cache_impl.cc(192)] Cache is not initialized, cannot RetrieveEntry.
Oct 16, 2018 08:16:34.40 [6456:2024:1016/081634.359:ERROR:in_progress_cache_impl.cc(192)] Cache is not initialized, cannot RetrieveEntry.
Oct 16, 2018 08:16:34.40 [6456:2024:1016/081634.359:ERROR:in_progress_cache_impl.cc(192)] Cache is not initialized, cannot RetrieveEntry.
Oct 16, 2018 08:16:34.40 [6456:2024:1016/081634.359:ERROR:in_progress_cache_impl.cc(192)] Cache is not initialized, cannot RetrieveEntry.
Oct 16, 2018 08:16:34.40 [6456:2024:1016/081634.359:ERROR:in_progress_cache_impl.cc(192)] Cache is not initialized, cannot RetrieveEntry.
Oct 16, 2018 08:16:34.40 [6456:2024:1016/081634.359:ERROR:in_progress_cache_impl.cc(192)] Cache is not initialized, cannot RetrieveEntry.
Oct 16, 2018 08:16:34.40 [6456:2024:1016/081634.359:ERROR:in_progress_cache_impl.cc(192)] Cache is not initialized, cannot RetrieveEntry.
Oct 16, 2018 08:16:34.40 [6456:2024:1016/081634.389:ERROR:in_progress_cache_impl.cc(192)] Cache is not initialized, cannot RetrieveEntry.
Oct 16, 2018 08:16:34.40 [6456:2024:1016/081634.389:ERROR:in_progress_cache_impl.cc(192)] Cache is not initialized, cannot RetrieveEntry.
Oct 16, 2018 08:16:34.40 [6456:2024:1016/081634.389:ERROR:in_progress_cache_impl.cc(192)] Cache is not initialized, cannot RetrieveEntry.
Oct 16, 2018 08:16:34.40 [6456:2024:1016/081634.389:ERROR:in_progress_cache_impl.cc(192)] Cache is not initialized, cannot RetrieveEntry.
Oct 16, 2018 08:16:34.40 [6456:2024:1016/081634.389:ERROR:in_progress_cache_impl.cc(192)] Cache is not initialized, cannot RetrieveEntry.
Oct 16, 2018 08:16:34.41 [6456:2024:1016/081634.389:ERROR:in_progress_cache_impl.cc(192)] Cache is not initialized, cannot RetrieveEntry.
Oct 16, 2018 08:16:34.41 [6456:2024:1016/081634.389:ERROR:in_progress_cache_impl.cc(192)] Cache is not initialized, cannot RetrieveEntry.
Oct 16, 2018 08:16:34.41 [6456:2024:1016/081634.389:ERROR:in_progress_cache_impl.cc(192)] Cache is not initialized, cannot RetrieveEntry.
Oct 16, 2018 08:16:34.41 [6456:2024:1016/081634.389:ERROR:in_progress_cache_impl.cc(192)] Cache is not initialized, cannot RetrieveEntry.
Oct 16, 2018 08:16:34.41 [6456:2024:1016/081634.389:ERROR:in_progress_cache_impl.cc(192)] Cache is not initialized, cannot RetrieveEntry.
Oct 16, 2018 08:16:34.41 [6456:2024:1016/081634.389:ERROR:in_progress_cache_impl.cc(192)] Cache is not initialized, cannot RetrieveEntry.
Oct 16, 2018 08:16:34.41 [6456:2024:1016/081634.389:ERROR:in_progress_cache_impl.cc(192)] Cache is not initialized, cannot RetrieveEntry.
Oct 16, 2018 08:16:34.41 [6456:2024:1016/081634.389:ERROR:in_progress_cache_impl.cc(192)] Cache is not initialized, cannot RetrieveEntry.
Oct 16, 2018 08:16:34.41 [6456:2024:1016/081634.389:ERROR:in_progress_cache_impl.cc(192)] Cache is not initialized, cannot RetrieveEntry.
Oct 16, 2018 08:16:34.41 [6456:2024:1016/081634.389:ERROR:in_progress_cache_impl.cc(192)] Cache is not initialized, cannot RetrieveEntry.
Oct 16, 2018 08:16:34.41 [6456:2024:1016/081634.389:ERROR:in_progress_cache_impl.cc(192)] Cache is not initialized, cannot RetrieveEntry.
Oct 16, 2018 08:16:34.41 [6456:2024:1016/081634.389:ERROR:in_progress_cache_impl.cc(192)] Cache is not initialized, cannot RetrieveEntry.
Oct 16, 2018 08:16:34.41 [6456:2024:1016/081634.389:ERROR:in_progress_cache_impl.cc(192)] Cache is not initialized, cannot RetrieveEntry.
Oct 16, 2018 08:16:34.41 [6456:2024:1016/081634.389:ERROR:in_progress_cache_impl.cc(192)] Cache is not initialized, cannot RetrieveEntry.
Oct 16, 2018 08:16:34.42 [6456:2024:1016/081634.389:ERROR:in_progress_cache_impl.cc(192)] Cache is not initialized, cannot RetrieveEntry.
Oct 16, 2018 08:16:34.42 [6456:2024:1016/081634.389:ERROR:in_progress_cache_impl.cc(192)] Cache is not initialized, cannot RetrieveEntry.
Oct 16, 2018 08:16:34.42 [6456:2024:1016/081634.390:ERROR:in_progress_cache_impl.cc(192)] Cache is not initialized, cannot RetrieveEntry.
Oct 16, 2018 08:16:34.42 [6456:2024:1016/081634.390:ERROR:in_progress_cache_impl.cc(192)] Cache is not initialized, cannot RetrieveEntry.
Oct 16, 2018 08:16:34.42 [6456:2024:1016/081634.390:ERROR:in_progress_cache_impl.cc(192)] Cache is not initialized, cannot RetrieveEntry.
Oct 16, 2018 08:16:34.42 [6456:2024:1016/081634.390:ERROR:in_progress_cache_impl.cc(192)] Cache is not initialized, cannot RetrieveEntry.
Oct 16, 2018 08:16:34.42 [6456:2024:1016/081634.390:ERROR:in_progress_cache_impl.cc(192)] Cache is not initialized, cannot RetrieveEntry.
Oct 16, 2018 08:16:34.42 [6456:2024:1016/081634.390:ERROR:in_progress_cache_impl.cc(192)] Cache is not initialized, cannot RetrieveEntry.
Oct 16, 2018 08:16:34.42 [6456:2024:1016/081634.390:ERROR:in_progress_cache_impl.cc(192)] Cache is not initialized, cannot RetrieveEntry.
Oct 16, 2018 08:16:34.42 [6456:2024:1016/081634.390:ERROR:in_progress_cache_impl.cc(192)] Cache is not initialized, cannot RetrieveEntry.
Oct 16, 2018 08:16:34.42 [6456:2024:1016/081634.390:ERROR:in_progress_cache_impl.cc(192)] Cache is not initialized, cannot RetrieveEntry.
Oct 16, 2018 08:16:34.42 [6456:2024:1016/081634.390:ERROR:in_progress_cache_impl.cc(192)] Cache is not initialized, cannot RetrieveEntry.
Oct 16, 2018 08:16:34.42 [6456:2024:1016/081634.390:ERROR:in_progress_cache_impl.cc(192)] Cache is not initialized, cannot RetrieveEntry.
Oct 16, 2018 08:16:34.42 [6456:2024:1016/081634.390:ERROR:in_progress_cache_impl.cc(192)] Cache is not initialized, cannot RetrieveEntry.
Oct 16, 2018 08:16:34.42 [6456:2024:1016/081634.390:ERROR:in_progress_cache_impl.cc(192)] Cache is not initialized, cannot RetrieveEntry.
Oct 16, 2018 08:16:34.42 [6456:2024:1016/081634.390:ERROR:in_progress_cache_impl.cc(192)] Cache is not initialized, cannot RetrieveEntry.
Oct 16, 2018 08:16:34.42 [6456:2024:1016/081634.390:ERROR:in_progress_cache_impl.cc(192)] Cache is not initialized, cannot RetrieveEntry.
Oct 16, 2018 08:16:34.42 [6456:2024:1016/081634.390:ERROR:in_progress_cache_impl.cc(192)] Cache is not initialized, cannot RetrieveEntry.
Oct 16, 2018 08:16:34.42 [6456:2024:1016/081634.407:ERROR:in_progress_cache_impl.cc(192)] Cache is not initialized, cannot RetrieveEntry.
Oct 16, 2018 08:16:34.42 [6456:2024:1016/081634.407:ERROR:in_progress_cache_impl.cc(192)] Cache is not initialized, cannot RetrieveEntry.
Oct 16, 2018 08:16:34.42 [6456:2024:1016/081634.407:ERROR:in_progress_cache_impl.cc(192)] Cache is not initialized, cannot RetrieveEntry.
Oct 16, 2018 08:16:34.42 [6456:2024:1016/081634.407:ERROR:in_progress_cache_impl.cc(192)] Cache is not initialized, cannot RetrieveEntry.
Oct 16, 2018 08:16:34.42 [6456:2024:1016/081634.407:ERROR:in_progress_cache_impl.cc(192)] Cache is not initialized, cannot RetrieveEntry.
Oct 16, 2018 08:16:34.43 [6456:2024:1016/081634.408:ERROR:in_progress_cache_impl.cc(192)] Cache is not initialized, cannot RetrieveEntry.
Oct 16, 2018 08:16:34.43 [6456:2024:1016/081634.408:ERROR:in_progress_cache_impl.cc(192)] Cache is not initialized, cannot RetrieveEntry.
Oct 16, 2018 08:16:34.43 [6456:2024:1016/081634.408:ERROR:in_progress_cache_impl.cc(192)] Cache is not initialized, cannot RetrieveEntry.
Oct 16, 2018 08:16:34.43 [6456:2024:1016/081634.408:ERROR:in_progress_cache_impl.cc(192)] Cache is not initialized, cannot RetrieveEntry.
Oct 16, 2018 08:17:14.01 [6456:7204:1016/081714.015:ERROR:ssl_client_socket_impl.cc(1050)] handshake failed; returned -1, SSL error code 1, net_error -101
Oct 16, 2018 08:17:15.62 [6456:7204:1016/081715.624:ERROR:ssl_client_socket_impl.cc(1050)] handshake failed; returned -1, SSL error code 1, net_error -101
Oct 16, 2018 08:23:00.48 [6456:4956:1016/082300.486:ERROR:component_installer.cc(122)] Move failed.: Access is denied. (0x5)
Oct 16, 2018 08:23:53.34 [6456:3952:1016/082353.342:ERROR:component_installer.cc(122)] Move failed.: Access is denied. (0x5)
Oct 16, 2018 08:25:00.36 [6456:3952:1016/082500.360:ERROR:component_installer.cc(122)] Move failed.: Access is denied. (0x5)

Oct 16, 2018 10:01:10.01 NEW SESSION
Oct 16, 2018 10:01:10.01 [4260:6604:1016/100109.996:ERROR:in_progress_cache_impl.cc(192)] Cache is not initialized, cannot RetrieveEntry.
Oct 16, 2018 10:01:10.01 [4260:6604:1016/100109.998:ERROR:in_progress_cache_impl.cc(192)] Cache is not initialized, cannot RetrieveEntry.
Oct 16, 2018 10:01:10.01 [4260:6604:1016/100109.998:ERROR:in_progress_cache_impl.cc(192)] Cache is not initialized, cannot RetrieveEntry.
Oct 16, 2018 10:01:10.02 [4260:6604:1016/100109.998:ERROR:in_progress_cache_impl.cc(192)] Cache is not initialized, cannot RetrieveEntry.
Oct 16, 2018 10:01:10.02 [4260:6604:1016/100109.998:ERROR:in_progress_cache_impl.cc(192)] Cache is not initialized, cannot RetrieveEntry.
Oct 16, 2018 10:01:10.02 [4260:6604:1016/100109.999:ERROR:in_progress_cache_impl.cc(192)] Cache is not initialized, cannot RetrieveEntry.
Oct 16, 2018 10:01:10.02 [4260:6604:1016/100109.999:ERROR:in_progress_cache_impl.cc(192)] Cache is not initialized, cannot RetrieveEntry.
Oct 16, 2018 10:01:10.02 [4260:6604:1016/100109.999:ERROR:in_progress_cache_impl.cc(192)] Cache is not initialized, cannot RetrieveEntry.
Oct 16, 2018 10:01:10.02 [4260:6604:1016/100109.999:ERROR:in_progress_cache_impl.cc(192)] Cache is not initialized, cannot RetrieveEntry.
Oct 16, 2018 10:01:10.02 [4260:6604:1016/100109.999:ERROR:in_progress_cache_impl.cc(192)] Cache is not initialized, cannot RetrieveEntry.
Oct 16, 2018 10:01:10.02 [4260:6604:1016/100109.999:ERROR:in_progress_cache_impl.cc(192)] Cache is not initialized, cannot RetrieveEntry.
Oct 16, 2018 10:01:10.02 [4260:6604:1016/100109.999:ERROR:in_progress_cache_impl.cc(192)] Cache is not initialized, cannot RetrieveEntry.
Oct 16, 2018 10:01:10.02 [4260:6604:1016/100109.999:ERROR:in_progress_cache_impl.cc(192)] Cache is not initialized, cannot RetrieveEntry.
Oct 16, 2018 10:01:10.02 [4260:6604:1016/100109.999:ERROR:in_progress_cache_impl.cc(192)] Cache is not initialized, cannot RetrieveEntry.
Oct 16, 2018 10:01:10.02 [4260:6604:1016/100109.999:ERROR:in_progress_cache_impl.cc(192)] Cache is not initialized, cannot RetrieveEntry.
Oct 16, 2018 10:01:10.03 [4260:6604:1016/100109.999:ERROR:in_progress_cache_impl.cc(192)] Cache is not initialized, cannot RetrieveEntry.
Oct 16, 2018 10:01:10.03 [4260:6604:1016/100109.999:ERROR:in_progress_cache_impl.cc(192)] Cache is not initialized, cannot RetrieveEntry.
Oct 16, 2018 10:01:10.03 [4260:6604:1016/100109.999:ERROR:in_progress_cache_impl.cc(192)] Cache is not initialized, cannot RetrieveEntry.
Oct 16, 2018 10:01:10.03 [4260:6604:1016/100109.999:ERROR:in_progress_cache_impl.cc(192)] Cache is not initialized, cannot RetrieveEntry.
Oct 16, 2018 10:01:10.03 [4260:6604:1016/100109.999:ERROR:in_progress_cache_impl.cc(192)] Cache is not initialized, cannot RetrieveEntry.
Oct 16, 2018 10:01:10.03 [4260:6604:1016/100109.999:ERROR:in_progress_cache_impl.cc(192)] Cache is not initialized, cannot RetrieveEntry.
Oct 16, 2018 10:01:10.03 [4260:6604:1016/100109.999:ERROR:in_progress_cache_impl.cc(192)] Cache is not initialized, cannot RetrieveEntry.
Oct 16, 2018 10:01:10.03 [4260:6604:1016/100109.999:ERROR:in_progress_cache_impl.cc(192)] Cache is not initialized, cannot RetrieveEntry.
Oct 16, 2018 10:01:10.03 [4260:6604:1016/100109.999:ERROR:in_progress_cache_impl.cc(192)] Cache is not initialized, cannot RetrieveEntry.
Oct 16, 2018 10:01:10.03 [4260:6604:1016/100109.999:ERROR:in_progress_cache_impl.cc(192)] Cache is not initialized, cannot RetrieveEntry.
Oct 16, 2018 10:01:10.03 [4260:6604:1016/100109.999:ERROR:in_progress_cache_impl.cc(192)] Cache is not initialized, cannot RetrieveEntry.
Oct 16, 2018 10:01:10.03 [4260:6604:1016/100109.999:ERROR:in_progress_cache_impl.cc(192)] Cache is not initialized, cannot RetrieveEntry.
Oct 16, 2018 10:01:10.03 [4260:6604:1016/100109.999:ERROR:in_progress_cache_impl.cc(192)] Cache is not initialized, cannot RetrieveEntry.
Oct 16, 2018 10:01:10.03 [4260:6604:1016/100109.999:ERROR:in_progress_cache_impl.cc(192)] Cache is not initialized, cannot RetrieveEntry.
Oct 16, 2018 10:01:10.03 [4260:6604:1016/100109.999:ERROR:in_progress_cache_impl.cc(192)] Cache is not initialized, cannot RetrieveEntry.
Oct 16, 2018 10:01:10.03 [4260:6604:1016/100110.000:ERROR:in_progress_cache_impl.cc(192)] Cache is not initialized, cannot RetrieveEntry.
Oct 16, 2018 10:01:10.03 [4260:6604:1016/100110.000:ERROR:in_progress_cache_impl.cc(192)] Cache is not initialized, cannot RetrieveEntry.
Oct 16, 2018 10:01:10.03 [4260:6604:1016/100110.000:ERROR:in_progress_cache_impl.cc(192)] Cache is not initialized, cannot RetrieveEntry.
Oct 16, 2018 10:01:10.03 [4260:6604:1016/100110.000:ERROR:in_progress_cache_impl.cc(192)] Cache is not initialized, cannot RetrieveEntry.
Oct 16, 2018 10:01:10.04 [4260:6604:1016/100110.000:ERROR:in_progress_cache_impl.cc(192)] Cache is not initialized, cannot RetrieveEntry.
Oct 16, 2018 10:01:10.04 [4260:6604:1016/100110.000:ERROR:in_progress_cache_impl.cc(192)] Cache is not initialized, cannot RetrieveEntry.
Oct 16, 2018 10:01:10.04 [4260:6604:1016/100110.000:ERROR:in_progress_cache_impl.cc(192)] Cache is not initialized, cannot RetrieveEntry.
Oct 16, 2018 10:01:10.04 [4260:6604:1016/100110.000:ERROR:in_progress_cache_impl.cc(192)] Cache is not initialized, cannot RetrieveEntry.
Oct 16, 2018 10:01:10.04 [4260:6604:1016/100110.002:ERROR:in_progress_cache_impl.cc(192)] Cache is not initialized, cannot RetrieveEntry.
Oct 16, 2018 10:01:10.04 [4260:6604:1016/100110.002:ERROR:in_progress_cache_impl.cc(192)] Cache is not initialized, cannot RetrieveEntry.
Oct 16, 2018 10:01:10.04 [4260:6604:1016/100110.002:ERROR:in_progress_cache_impl.cc(192)] Cache is not initialized, cannot RetrieveEntry.
Oct 16, 2018 10:01:10.08 [4260:6604:1016/100110.002:ERROR:in_progress_cache_impl.cc(192)] Cache is not initialized, cannot RetrieveEntry.
Oct 16, 2018 10:01:10.08 [4260:6604:1016/100110.002:ERROR:in_progress_cache_impl.cc(192)] Cache is not initialized, cannot RetrieveEntry.
Oct 16, 2018 10:01:10.08 [4260:6604:1016/100110.003:ERROR:in_progress_cache_impl.cc(192)] Cache is not initialized, cannot RetrieveEntry.
Oct 16, 2018 10:01:10.08 [4260:6604:1016/100110.003:ERROR:in_progress_cache_impl.cc(192)] Cache is not initialized, cannot RetrieveEntry.
Oct 16, 2018 10:01:10.08 [4260:6604:1016/100110.003:ERROR:in_progress_cache_impl.cc(192)] Cache is not initialized, cannot RetrieveEntry.
Oct 16, 2018 10:01:10.08 [4260:6604:1016/100110.003:ERROR:in_progress_cache_impl.cc(192)] Cache is not initialized, cannot RetrieveEntry.
Oct 16, 2018 10:01:10.09 [4260:6604:1016/100110.003:ERROR:in_progress_cache_impl.cc(192)] Cache is not initialized, cannot RetrieveEntry.
Oct 16, 2018 10:01:10.09 [4260:6604:1016/100110.003:ERROR:in_progress_cache_impl.cc(192)] Cache is not initialized, cannot RetrieveEntry.
Oct 16, 2018 10:01:10.09 [4260:6604:1016/100110.003:ERROR:in_progress_cache_impl.cc(192)] Cache is not initialized, cannot RetrieveEntry.
Oct 16, 2018 10:01:10.09 [4260:6604:1016/100110.003:ERROR:in_progress_cache_impl.cc(192)] Cache is not initialized, cannot RetrieveEntry.
Oct 16, 2018 10:01:10.09 [4260:6604:1016/100110.003:ERROR:in_progress_cache_impl.cc(192)] Cache is not initialized, cannot RetrieveEntry.
Oct 16, 2018 10:01:10.09 [4260:6604:1016/100110.003:ERROR:in_progress_cache_impl.cc(192)] Cache is not initialized, cannot RetrieveEntry.
Oct 16, 2018 10:01:10.09 [4260:6604:1016/100110.003:ERROR:in_progress_cache_impl.cc(192)] Cache is not initialized, cannot RetrieveEntry.
Oct 16, 2018 10:01:10.09 [4260:6604:1016/100110.003:ERROR:in_progress_cache_impl.cc(192)] Cache is not initialized, cannot RetrieveEntry.
Oct 16, 2018 10:01:10.10 [4260:6604:1016/100110.003:ERROR:in_progress_cache_impl.cc(192)] Cache is not initialized, cannot RetrieveEntry.
Oct 16, 2018 10:01:10.10 [4260:6604:1016/100110.003:ERROR:in_progress_cache_impl.cc(192)] Cache is not initialized, cannot RetrieveEntry.
Oct 16, 2018 10:01:10.10 [4260:6604:1016/100110.003:ERROR:in_progress_cache_impl.cc(192)] Cache is not initialized, cannot RetrieveEntry.
Oct 16, 2018 10:01:10.10 [4260:6604:1016/100110.003:ERROR:in_progress_cache_impl.cc(192)] Cache is not initialized, cannot RetrieveEntry.
Oct 16, 2018 10:01:10.10 [4260:6604:1016/100110.003:ERROR:in_progress_cache_impl.cc(192)] Cache is not initialized, cannot RetrieveEntry.
Oct 16, 2018 10:01:10.10 [4260:6604:1016/100110.003:ERROR:in_progress_cache_impl.cc(192)] Cache is not initialized, cannot RetrieveEntry.
Oct 16, 2018 10:01:10.10 [4260:6604:1016/100110.003:ERROR:in_progress_cache_impl.cc(192)] Cache is not initialized, cannot RetrieveEntry.
Oct 16, 2018 10:01:10.10 [4260:6604:1016/100110.003:ERROR:in_progress_cache_impl.cc(192)] Cache is not initialized, cannot RetrieveEntry.
Oct 16, 2018 10:01:10.10 [4260:6604:1016/100110.003:ERROR:in_progress_cache_impl.cc(192)] Cache is not initialized, cannot RetrieveEntry.
Oct 16, 2018 10:01:10.11 [4260:6604:1016/100110.003:ERROR:in_progress_cache_impl.cc(192)] Cache is not initialized, cannot RetrieveEntry.
Oct 16, 2018 10:01:10.11 [4260:6604:1016/100110.003:ERROR:in_progress_cache_impl.cc(192)] Cache is not initialized, cannot RetrieveEntry.
Oct 16, 2018 10:01:10.11 [4260:6604:1016/100110.003:ERROR:in_progress_cache_impl.cc(192)] Cache is not initialized, cannot RetrieveEntry.
Oct 16, 2018 10:01:10.11 [4260:6604:1016/100110.003:ERROR:in_progress_cache_impl.cc(192)] Cache is not initialized, cannot RetrieveEntry.
Oct 16, 2018 10:01:10.11 [4260:6604:1016/100110.003:ERROR:in_progress_cache_impl.cc(192)] Cache is not initialized, cannot RetrieveEntry.
Oct 16, 2018 10:01:10.11 [4260:6604:1016/100110.003:ERROR:in_progress_cache_impl.cc(192)] Cache is not initialized, cannot RetrieveEntry.
Oct 16, 2018 10:01:10.11 [4260:6604:1016/100110.003:ERROR:in_progress_cache_impl.cc(192)] Cache is not initialized, cannot RetrieveEntry.
Oct 16, 2018 10:01:10.11 [4260:6604:1016/100110.003:ERROR:in_progress_cache_impl.cc(192)] Cache is not initialized, cannot RetrieveEntry.
Oct 16, 2018 10:01:10.11 [4260:6604:1016/100110.004:ERROR:in_progress_cache_impl.cc(192)] Cache is not initialized, cannot RetrieveEntry.
Oct 16, 2018 10:01:10.11 [4260:6604:1016/100110.004:ERROR:in_progress_cache_impl.cc(192)] Cache is not initialized, cannot RetrieveEntry.
Oct 16, 2018 10:01:10.11 [4260:6604:1016/100110.004:ERROR:in_progress_cache_impl.cc(192)] Cache is not initialized, cannot RetrieveEntry.
Oct 16, 2018 10:01:10.11 [4260:6604:1016/100110.044:ERROR:in_progress_cache_impl.cc(192)] Cache is not initialized, cannot RetrieveEntry.
Oct 16, 2018 10:01:10.11 [4260:6604:1016/100110.044:ERROR:in_progress_cache_impl.cc(192)] Cache is not initialized, cannot RetrieveEntry.
Oct 16, 2018 10:01:10.11 [4260:6604:1016/100110.045:ERROR:in_progress_cache_impl.cc(192)] Cache is not initialized, cannot RetrieveEntry.
Oct 16, 2018 10:01:10.12 [4260:6604:1016/100110.045:ERROR:in_progress_cache_impl.cc(192)] Cache is not initialized, cannot RetrieveEntry.
Oct 16, 2018 10:01:10.12 [4260:6604:1016/100110.045:ERROR:in_progress_cache_impl.cc(192)] Cache is not initialized, cannot RetrieveEntry.
Oct 16, 2018 10:01:10.13 [4260:6604:1016/100110.045:ERROR:in_progress_cache_impl.cc(192)] Cache is not initialized, cannot RetrieveEntry.
Oct 16, 2018 10:01:10.13 [4260:6604:1016/100110.045:ERROR:in_progress_cache_impl.cc(192)] Cache is not initialized, cannot RetrieveEntry.
Oct 16, 2018 10:01:10.13 [4260:6604:1016/100110.045:ERROR:in_progress_cache_impl.cc(192)] Cache is not initialized, cannot RetrieveEntry.
Oct 16, 2018 10:01:10.13 [4260:6604:1016/100110.045:ERROR:in_progress_cache_impl.cc(192)] Cache is not initialized, cannot RetrieveEntry.
Oct 16, 2018 10:01:10.16 [4260:6604:1016/100110.045:ERROR:in_progress_cache_impl.cc(192)] Cache is not initialized, cannot RetrieveEntry.
Oct 16, 2018 10:01:10.16 [4260:6604:1016/100110.045:ERROR:in_progress_cache_impl.cc(192)] Cache is not initialized, cannot RetrieveEntry.
Oct 16, 2018 10:01:10.16 [4260:6604:1016/100110.045:ERROR:in_progress_cache_impl.cc(192)] Cache is not initialized, cannot RetrieveEntry.
Oct 16, 2018 10:01:10.16 [4260:6604:1016/100110.045:ERROR:in_progress_cache_impl.cc(192)] Cache is not initialized, cannot RetrieveEntry.
Oct 16, 2018 10:01:10.16 [4260:6604:1016/100110.045:ERROR:in_progress_cache_impl.cc(192)] Cache is not initialized, cannot RetrieveEntry.
Oct 16, 2018 10:01:10.16 [4260:6604:1016/100110.045:ERROR:in_progress_cache_impl.cc(192)] Cache is not initialized, cannot RetrieveEntry.
Oct 16, 2018 10:01:10.16 [4260:6604:1016/100110.045:ERROR:in_progress_cache_impl.cc(192)] Cache is not initialized, cannot RetrieveEntry.
Oct 16, 2018 10:01:10.19 [4260:6604:1016/100110.045:ERROR:in_progress_cache_impl.cc(192)] Cache is not initialized, cannot RetrieveEntry.
Oct 16, 2018 10:01:10.19 [4260:6604:1016/100110.045:ERROR:in_progress_cache_impl.cc(192)] Cache is not initialized, cannot RetrieveEntry.
Oct 16, 2018 10:01:10.19 [4260:6604:1016/100110.045:ERROR:in_progress_cache_impl.cc(192)] Cache is not initialized, cannot RetrieveEntry.
Oct 16, 2018 10:01:10.19 [4260:6604:1016/100110.045:ERROR:in_progress_cache_impl.cc(192)] Cache is not initialized, cannot RetrieveEntry.
Oct 16, 2018 10:01:10.19 [4260:6604:1016/100110.045:ERROR:in_progress_cache_impl.cc(192)] Cache is not initialized, cannot RetrieveEntry.
Oct 16, 2018 10:01:10.19 [4260:6604:1016/100110.045:ERROR:in_progress_cache_impl.cc(192)] Cache is not initialized, cannot RetrieveEntry.
Oct 16, 2018 10:01:10.19 [4260:6604:1016/100110.045:ERROR:in_progress_cache_impl.cc(192)] Cache is not initialized, cannot RetrieveEntry.
Oct 16, 2018 10:01:10.19 [4260:6604:1016/100110.045:ERROR:in_progress_cache_impl.cc(192)] Cache is not initialized, cannot RetrieveEntry.
Oct 16, 2018 10:01:10.19 [4260:6604:1016/100110.045:ERROR:in_progress_cache_impl.cc(192)] Cache is not initialized, cannot RetrieveEntry.
Oct 16, 2018 10:01:10.19 [4260:6604:1016/100110.045:ERROR:in_progress_cache_impl.cc(192)] Cache is not initialized, cannot RetrieveEntry.
Oct 16, 2018 10:01:10.20 [4260:6604:1016/100110.045:ERROR:in_progress_cache_impl.cc(192)] Cache is not initialized, cannot RetrieveEntry.
Oct 16, 2018 10:01:10.23 [4260:6604:1016/100110.045:ERROR:in_progress_cache_impl.cc(192)] Cache is not initialized, cannot RetrieveEntry.
Oct 16, 2018 10:01:10.23 [4260:6604:1016/100110.045:ERROR:in_progress_cache_impl.cc(192)] Cache is not initialized, cannot RetrieveEntry.
Oct 16, 2018 10:01:10.23 [4260:6604:1016/100110.046:ERROR:in_progress_cache_impl.cc(192)] Cache is not initialized, cannot RetrieveEntry.
Oct 16, 2018 10:01:10.24 [4260:6604:1016/100110.046:ERROR:in_progress_cache_impl.cc(192)] Cache is not initialized, cannot RetrieveEntry.
Oct 16, 2018 10:01:10.24 [4260:6604:1016/100110.046:ERROR:in_progress_cache_impl.cc(192)] Cache is not initialized, cannot RetrieveEntry.
Oct 16, 2018 10:01:10.24 [4260:6604:1016/100110.046:ERROR:in_progress_cache_impl.cc(192)] Cache is not initialized, cannot RetrieveEntry.
Oct 16, 2018 10:01:10.24 [4260:6604:1016/100110.046:ERROR:in_progress_cache_impl.cc(192)] Cache is not initialized, cannot RetrieveEntry.
Oct 16, 2018 10:01:10.24 [4260:6604:1016/100110.046:ERROR:in_progress_cache_impl.cc(192)] Cache is not initialized, cannot RetrieveEntry.
Oct 16, 2018 10:01:10.24 [4260:6604:1016/100110.046:ERROR:in_progress_cache_impl.cc(192)] Cache is not initialized, cannot RetrieveEntry.
Oct 16, 2018 10:01:10.25 [4260:6604:1016/100110.046:ERROR:in_progress_cache_impl.cc(192)] Cache is not initialized, cannot RetrieveEntry.
Oct 16, 2018 10:01:10.25 [4260:6604:1016/100110.046:ERROR:in_progress_cache_impl.cc(192)] Cache is not initialized, cannot RetrieveEntry.
Oct 16, 2018 10:01:10.25 [4260:6604:1016/100110.046:ERROR:in_progress_cache_impl.cc(192)] Cache is not initialized, cannot RetrieveEntry.
Oct 16, 2018 10:01:10.25 [4260:6604:1016/100110.046:ERROR:in_progress_cache_impl.cc(192)] Cache is not initialized, cannot RetrieveEntry.
Oct 16, 2018 10:01:10.25 [4260:6604:1016/100110.119:ERROR:in_progress_cache_impl.cc(192)] Cache is not initialized, cannot RetrieveEntry.
Oct 16, 2018 10:01:10.25 [4260:6604:1016/100110.119:ERROR:in_progress_cache_impl.cc(192)] Cache is not initialized, cannot RetrieveEntry.
Oct 16, 2018 10:01:10.25 [4260:6604:1016/100110.119:ERROR:in_progress_cache_impl.cc(192)] Cache is not initialized, cannot RetrieveEntry.
Oct 16, 2018 10:01:10.25 [4260:6604:1016/100110.119:ERROR:in_progress_cache_impl.cc(192)] Cache is not initialized, cannot RetrieveEntry.
Oct 16, 2018 10:01:10.25 [4260:6604:1016/100110.119:ERROR:in_progress_cache_impl.cc(192)] Cache is not initialized, cannot RetrieveEntry.
Oct 16, 2018 10:01:10.25 [4260:6604:1016/100110.119:ERROR:in_progress_cache_impl.cc(192)] Cache is not initialized, cannot RetrieveEntry.
Oct 16, 2018 10:01:10.25 [4260:6604:1016/100110.119:ERROR:in_progress_cache_impl.cc(192)] Cache is not initialized, cannot RetrieveEntry.
Oct 16, 2018 10:01:10.26 [4260:6604:1016/100110.119:ERROR:in_progress_cache_impl.cc(192)] Cache is not initialized, cannot RetrieveEntry.
Oct 16, 2018 10:01:10.26 [4260:6604:1016/100110.119:ERROR:in_progress_cache_impl.cc(192)] Cache is not initialized, cannot RetrieveEntry.
Oct 16, 2018 10:01:10.26 [4260:6604:1016/100110.119:ERROR:in_progress_cache_impl.cc(192)] Cache is not initialized, cannot RetrieveEntry.
Oct 16, 2018 10:01:10.26 [4260:6604:1016/100110.119:ERROR:in_progress_cache_impl.cc(192)] Cache is not initialized, cannot RetrieveEntry.
Oct 16, 2018 10:01:10.26 [4260:6604:1016/100110.119:ERROR:in_progress_cache_impl.cc(192)] Cache is not initialized, cannot RetrieveEntry.
Oct 16, 2018 10:01:10.26 [4260:6604:1016/100110.119:ERROR:in_progress_cache_impl.cc(192)] Cache is not initialized, cannot RetrieveEntry.
Oct 16, 2018 10:01:10.26 [4260:6604:1016/100110.119:ERROR:in_progress_cache_impl.cc(192)] Cache is not initialized, cannot RetrieveEntry.
Oct 16, 2018 10:01:10.26 [4260:6604:1016/100110.119:ERROR:in_progress_cache_impl.cc(192)] Cache is not initialized, cannot RetrieveEntry.
Oct 16, 2018 10:02:07.91 [4260:4556:1016/100207.916:ERROR:ssl_client_socket_impl.cc(1050)] handshake failed; returned -1, SSL error code 1, net_error -100
Oct 16, 2018 10:07:35.47 [4260:7284:1016/100735.472:ERROR:component_installer.cc(122)] Move failed.: Access is denied. (0x5)
Oct 16, 2018 10:09:32.11 [4260:7748:1016/100932.110:ERROR:component_installer.cc(122)] Move failed.: Access is denied. (0x5)
Oct 16, 2018 10:10:24.52 [4260:7748:1016/101024.521:ERROR:component_installer.cc(122)] Move failed.: Access is denied. (0x5)
Oct 16, 2018 10:54:25.70 [4260:4556:1016/105425.700:ERROR:connection_factory_impl.cc(396)] Failed to connect to MCS endpoint with error -105
Oct 16, 2018 11:04:14.06 [4260:4556:1016/110414.064:ERROR:connection_factory_impl.cc(396)] Failed to connect to MCS endpoint with error -106
Oct 16, 2018 11:46:08.92 [4260:4556:1016/114608.917:ERROR:ssl_client_socket_impl.cc(1050)] handshake failed; returned -1, SSL error code 1, net_error -101
Oct 16, 2018 12:02:37.01 [4260:4556:1016/120237.014:ERROR:ssl_client_socket_impl.cc(1050)] handshake failed; returned -1, SSL error code 1, net_error -101
Oct 16, 2018 12:03:24.01 [4260:4556:1016/120324.009:ERROR:ssl_client_socket_impl.cc(1050)] handshake failed; returned -1, SSL error code 1, net_error -101
Oct 16, 2018 12:13:42.46 [4260:4556:1016/121342.461:ERROR:ssl_client_socket_impl.cc(1050)] handshake failed; returned -1, SSL error code 1, net_error -101
Oct 16, 2018 12:57:34.66 [4260:6604:1016/125734.660:ERROR:gcm_channel_status_request.cc(151)] GCM channel request failed.
Oct 16, 2018 12:57:34.88 [4260:4556:1016/125734.882:ERROR:connection_factory_impl.cc(396)] Failed to connect to MCS endpoint with error -105
Oct 16, 2018 12:57:37.74 [4260:4556:1016/125737.747:ERROR:connection_factory_impl.cc(396)] Failed to connect to MCS endpoint with error -106
Oct 16, 2018 12:58:03.87 [4260:6604:1016/125803.872:ERROR:gcm_channel_status_request.cc(151)] GCM channel request failed.
Oct 16, 2018 12:58:20.26 [4260:4556:1016/125820.262:ERROR:connection_factory_impl.cc(396)] Failed to connect to MCS endpoint with error -106
Oct 16, 2018 12:58:47.12 [4260:6604:1016/125847.121:ERROR:gcm_channel_status_request.cc(151)] GCM channel request failed.
Oct 16, 2018 13:00:09.40 [4260:4556:1016/130009.404:ERROR:connection_factory_impl.cc(396)] Failed to connect to MCS endpoint with error -106
Oct 16, 2018 13:00:10.46 [4260:6604:1016/130010.462:ERROR:gcm_channel_status_request.cc(151)] GCM channel request failed.
Oct 16, 2018 13:01:38.27 [4260:4556:1016/130138.279:ERROR:connection_factory_impl.cc(396)] Failed to connect to MCS endpoint with error -21
Oct 16, 2018 20:46:30.65 [4260:6604:1016/204630.656:ERROR:gcm_channel_status_request.cc(151)] GCM channel request failed.
Oct 16, 2018 20:46:31.49 [4260:4556:1016/204631.448:ERROR:connection_factory_impl.cc(396)] Failed to connect to MCS endpoint with error -105
Oct 16, 2018 20:46:35.78 [4260:4556:1016/204635.784:ERROR:connection_factory_impl.cc(396)] Failed to connect to MCS endpoint with error -21
Oct 16, 2018 20:54:09.76 [4260:4556:1016/205409.767:ERROR:socket_stream.cc(210)] Closing stream with result -101
Oct 16, 2018 20:54:09.78 [4260:4556:1016/205409.783:ERROR:connection_factory_impl.cc(396)] Failed to connect to MCS endpoint with error -105

Oct 19, 2018 02:13:47.15 NEW SESSION
Oct 19, 2018 02:13:47.15 [6464:6260:1019/021347.148:ERROR:component_installer.cc(123)] Move failed.: Access is denied. (0x5)
